<?xml version="1.0" encoding="UTF-8"?>
<testng-results skipped="35" failed="1" ignored="141" total="177" passed="0">
  <reporter-output>
  </reporter-output>
  <suite name="Suite" duration-ms="23381" started-at="2019-07-11T06:22:52Z" finished-at="2019-07-11T06:23:16Z">
    <groups>
      <group name="venkat_OH_ILP">
        <method signature="AA_OH_ILP.AA_Loan_ACHRevoke_1stInsatallmentDeposit()[pri:35, instance:pack.AA_OH_ILP@3e9b1010]" name="AA_Loan_ACHRevoke_1stInsatallmentDeposit" class="pack.AA_OH_ILP"/>
        <method signature="AA_OH_ILP.AA_Loan_ACHRevoke_1stInsatallmentDeposit_Clear()[pri:41, instance:pack.AA_OH_ILP@3e9b1010]" name="AA_Loan_ACHRevoke_1stInsatallmentDeposit_Clear" class="pack.AA_OH_ILP"/>
        <method signature="AA_OH_ILP.AA_Loan_ACHRevoke_1stInsatallmentPayment_ACHAuthorization_2ndIsatallmentDeposit()[pri:36, instance:pack.AA_OH_ILP@3e9b1010]" name="AA_Loan_ACHRevoke_1stInsatallmentPayment_ACHAuthorization_2ndIsatallmentDeposit" class="pack.AA_OH_ILP"/>
        <method signature="AA_OH_ILP.CO_ILP_Loan_Instwisepayment_last_deposit()[pri:37, instance:pack.AA_OH_ILP@3e9b1010]" name="CO_ILP_Loan_Instwisepayment_last_deposit" class="pack.AA_OH_ILP"/>
        <method signature="AA_OH_ILP.CO_ILP_MultipleDisbNewLoan_Void()[pri:10, instance:pack.AA_OH_ILP@3e9b1010]" name="CO_ILP_MultipleDisbNewLoan_Void" class="pack.AA_OH_ILP"/>
        <method signature="AA_OH_ILP.CO_ILP_NewLoanRescind()[pri:9, instance:pack.AA_OH_ILP@3e9b1010]" name="CO_ILP_NewLoanRescind" class="pack.AA_OH_ILP"/>
        <method signature="AA_OH_ILP.CO_ILP_NewLoanVoid()[pri:7, instance:pack.AA_OH_ILP@3e9b1010]" name="CO_ILP_NewLoanVoid" class="pack.AA_OH_ILP"/>
        <method signature="AA_OH_ILP.Loan_1stDep_Ret_EODBatch10daysDueDate_PmtGreaterthanInstAmt_Void_()[pri:23, instance:pack.AA_OH_ILP@3e9b1010]" name="Loan_1stDep_Ret_EODBatch10daysDueDate_PmtGreaterthanInstAmt_Void_" class="pack.AA_OH_ILP"/>
        <method signature="AA_OH_ILP.Loan_1stInstDeposit_Rtn()[pri:38, instance:pack.AA_OH_ILP@3e9b1010]" name="Loan_1stInstDeposit_Rtn" class="pack.AA_OH_ILP"/>
        <method signature="AA_OH_ILP.Loan_1stInstpartialpayment_1stInstdeposit_()[pri:33, instance:pack.AA_OH_ILP@3e9b1010]" name="Loan_1stInstpartialpayment_1stInstdeposit_" class="pack.AA_OH_ILP"/>
        <method signature="AA_OH_ILP.Loan_1stInstpaymentFullCash_1stInstdeposit_()[pri:34, instance:pack.AA_OH_ILP@3e9b1010]" name="Loan_1stInstpaymentFullCash_1stInstdeposit_" class="pack.AA_OH_ILP"/>
        <method signature="AA_OH_ILP.Loan_1stParPmt_1stDep_Ret_()[pri:39, instance:pack.AA_OH_ILP@3e9b1010]" name="Loan_1stParPmt_1stDep_Ret_" class="pack.AA_OH_ILP"/>
        <method signature="AA_OH_ILP.Loan_DepositACH_()[pri:32, instance:pack.AA_OH_ILP@3e9b1010]" name="Loan_DepositACH_" class="pack.AA_OH_ILP"/>
        <method signature="AA_OH_ILP.Loan_Deposit_RTN_EODBatchon10days_PaymentGeterthanLoanAmount()[pri:20, instance:pack.AA_OH_ILP@3e9b1010]" name="Loan_Deposit_RTN_EODBatchon10days_PaymentGeterthanLoanAmount" class="pack.AA_OH_ILP"/>
        <method signature="AA_OH_ILP.Loan_Deposit_Rtn_Payoff_Void()[pri:31, instance:pack.AA_OH_ILP@3e9b1010]" name="Loan_Deposit_Rtn_Payoff_Void" class="pack.AA_OH_ILP"/>
        <method signature="AA_OH_ILP.Loan_Deposit_Rtn_clear_2InstDeposit_Return_EODBatchprocess_payoff()[pri:30, instance:pack.AA_OH_ILP@3e9b1010]" name="Loan_Deposit_Rtn_clear_2InstDeposit_Return_EODBatchprocess_payoff" class="pack.AA_OH_ILP"/>
        <method signature="AA_OH_ILP.Loan_Deposit_Rtn_paymentGreaterthanLoanAmount()[pri:19, instance:pack.AA_OH_ILP@3e9b1010]" name="Loan_Deposit_Rtn_paymentGreaterthanLoanAmount" class="pack.AA_OH_ILP"/>
        <method signature="AA_OH_ILP.Loan_Deposit_Rtn_paymentLessthanLoanAmount()[pri:18, instance:pack.AA_OH_ILP@3e9b1010]" name="Loan_Deposit_Rtn_paymentLessthanLoanAmount" class="pack.AA_OH_ILP"/>
        <method signature="AA_OH_ILP.Loan_Deposit_Rtn_paymentLessthanLoanAmount_Void()[pri:22, instance:pack.AA_OH_ILP@3e9b1010]" name="Loan_Deposit_Rtn_paymentLessthanLoanAmount_Void" class="pack.AA_OH_ILP"/>
        <method signature="AA_OH_ILP.Loan_Deposit_Rtn_payoff()[pri:29, instance:pack.AA_OH_ILP@3e9b1010]" name="Loan_Deposit_Rtn_payoff" class="pack.AA_OH_ILP"/>
        <method signature="AA_OH_ILP.Loan_Pmt1stInstdate_Pmt2ndInstdate_void_EODBatch10days2Inst_payoff_()[pri:28, instance:pack.AA_OH_ILP@3e9b1010]" name="Loan_Pmt1stInstdate_Pmt2ndInstdate_void_EODBatch10days2Inst_payoff_" class="pack.AA_OH_ILP"/>
        <method signature="AA_OH_ILP.Login_Homescreen_Borrower_Registration_NewLoan_ACH_()[pri:5, instance:pack.AA_OH_ILP@3e9b1010]" name="Login_Homescreen_Borrower_Registration_NewLoan_ACH_" class="pack.AA_OH_ILP"/>
        <method signature="AA_OH_ILP.Login_Homescreen_Borrower_Registration_NewLoan_BiWeekly__()[pri:3, instance:pack.AA_OH_ILP@3e9b1010]" name="Login_Homescreen_Borrower_Registration_NewLoan_BiWeekly__" class="pack.AA_OH_ILP"/>
        <method signature="AA_OH_ILP.Login_Homescreen_Borrower_Registration_NewLoan_Monthly()[pri:1, instance:pack.AA_OH_ILP@3e9b1010]" name="Login_Homescreen_Borrower_Registration_NewLoan_Monthly" class="pack.AA_OH_ILP"/>
        <method signature="AA_OH_ILP.Login_Homescreen_Borrower_Registration_NewLoan_MultiDisb_()[pri:6, instance:pack.AA_OH_ILP@3e9b1010]" name="Login_Homescreen_Borrower_Registration_NewLoan_MultiDisb_" class="pack.AA_OH_ILP"/>
        <method signature="AA_OH_ILP.Login_Homescreen_Borrower_Registration_NewLoan_SemiMonthly()[pri:42, instance:pack.AA_OH_ILP@3e9b1010]" name="Login_Homescreen_Borrower_Registration_NewLoan_SemiMonthly" class="pack.AA_OH_ILP"/>
        <method signature="AA_OH_ILP.Login_Homescreen_Borrower_Registration_NewLoan_Weekly_()[pri:4, instance:pack.AA_OH_ILP@3e9b1010]" name="Login_Homescreen_Borrower_Registration_NewLoan_Weekly_" class="pack.AA_OH_ILP"/>
        <method signature="AA_OH_ILP.Login_Homescreen_Borrower_Registration_NewLoan_verify_()[pri:0, instance:pack.AA_OH_ILP@3e9b1010]" name="Login_Homescreen_Borrower_Registration_NewLoan_verify_" class="pack.AA_OH_ILP"/>
        <method signature="AA_OH_ILP.LonI_1stInstdeposit_return_Payment_lessthan1stInstamount_VoidPayment()[pri:21, instance:pack.AA_OH_ILP@3e9b1010]" name="LonI_1stInstdeposit_return_Payment_lessthan1stInstamount_VoidPayment" class="pack.AA_OH_ILP"/>
        <method signature="AA_OH_ILP.LonI_RunEODbatchon1Instduedate_AgainEODbatchfrom10thdayof1stInstduedate_Payment_Pastdue_1stInstamt()[pri:14, instance:pack.AA_OH_ILP@3e9b1010]" name="LonI_RunEODbatchon1Instduedate_AgainEODbatchfrom10thdayof1stInstduedate_Payment_Pastdue_1stInstamt" class="pack.AA_OH_ILP"/>
        <method signature="AA_OH_ILP.LonI_RunEODbatchon1Instduedate_AgainEODbatchfrom10thdayof1stInstduedate_Payment_Pastdue_1stInstamt_Void()[pri:17, instance:pack.AA_OH_ILP@3e9b1010]" name="LonI_RunEODbatchon1Instduedate_AgainEODbatchfrom10thdayof1stInstduedate_Payment_Pastdue_1stInstamt_Void" class="pack.AA_OH_ILP"/>
        <method signature="AA_OH_ILP.LonI_RunEODbatchon1Instduedate_Payment_PayPastDue_NextInstallment()[pri:13, instance:pack.AA_OH_ILP@3e9b1010]" name="LonI_RunEODbatchon1Instduedate_Payment_PayPastDue_NextInstallment" class="pack.AA_OH_ILP"/>
        <method signature="AA_OH_ILP.LonI_RunEODbatchon1Instduedate_Payment_PayPastDue_NextInstallment_VoidPymt()[pri:16, instance:pack.AA_OH_ILP@3e9b1010]" name="LonI_RunEODbatchon1Instduedate_Payment_PayPastDue_NextInstallment_VoidPymt" class="pack.AA_OH_ILP"/>
        <method signature="AA_OH_ILP.LonI_StoreDateafterRescindPeriod_Payment_selectpayanyotheramt_Pymtamtlessthan1stint()[pri:12, instance:pack.AA_OH_ILP@3e9b1010]" name="LonI_StoreDateafterRescindPeriod_Payment_selectpayanyotheramt_Pymtamtlessthan1stint" class="pack.AA_OH_ILP"/>
        <method signature="AA_OH_ILP.LonI_StoreDateafterRescindPeriod_Payment_selectpayanyotheramt_Pymtamtlessthan1stint_VoidPymt()[pri:15, instance:pack.AA_OH_ILP@3e9b1010]" name="LonI_StoreDateafterRescindPeriod_Payment_selectpayanyotheramt_Pymtamtlessthan1stint_VoidPymt" class="pack.AA_OH_ILP"/>
        <method signature="AA_OH_ILP.loan_VoidEncryption()[pri:8, instance:pack.AA_OH_ILP@3e9b1010]" name="loan_VoidEncryption" class="pack.AA_OH_ILP"/>
      </group> <!-- venkat_OH_ILP -->
    </groups>
    <test name="Test" duration-ms="23381" started-at="2019-07-11T06:22:52Z" finished-at="2019-07-11T06:23:16Z">
      <class name="pack.AA_CO_ILP">
        <test-method status="PASS" signature="setup_Grid()[pri:0, instance:pack.AA_CO_ILP@520a3426]" name="setup_Grid" is-config="true" duration-ms="7683" started-at="2019-07-11T06:22:52Z" finished-at="2019-07-11T06:23:00Z">
          <reporter-output>
          </reporter-output>
        </test-method> <!-- setup_Grid -->
        <test-method status="PASS" signature="setup_Grid()[pri:0, instance:pack.AA_FL_ILP@18eed359]" name="setup_Grid" is-config="true" duration-ms="7131" started-at="2019-07-11T06:23:00Z" finished-at="2019-07-11T06:23:07Z">
          <reporter-output>
          </reporter-output>
        </test-method> <!-- setup_Grid -->
        <test-method status="PASS" signature="setup_Grid()[pri:0, instance:pack.AA_OH_ILP@3e9b1010]" name="setup_Grid" is-config="true" duration-ms="7160" started-at="2019-07-11T06:23:07Z" finished-at="2019-07-11T06:23:14Z">
          <reporter-output>
          </reporter-output>
        </test-method> <!-- setup_Grid -->
      </class> <!-- pack.AA_CO_ILP -->
      <class name="pack.AA_OH_ILP">
        <test-method status="PASS" signature="initialize()[pri:0, instance:pack.AA_OH_ILP@3e9b1010]" name="initialize" is-config="true" duration-ms="65" started-at="2019-07-11T06:23:14Z" finished-at="2019-07-11T06:23:14Z">
          <reporter-output>
          </reporter-output>
        </test-method> <!-- initialize -->
        <test-method status="FAIL" signature="Login_Homescreen_Borrower_Registration_NewLoan_verify_()[pri:0, instance:pack.AA_OH_ILP@3e9b1010]" name="Login_Homescreen_Borrower_Registration_NewLoan_verify_" duration-ms="4" started-at="2019-07-11T06:23:14Z" finished-at="2019-07-11T06:23:14Z">
          <exception class="java.io.FileNotFoundException">
            <message>
              <![CDATA[C:\AA_Batch\AA_ILPnullAA_Login_Homescreen_Borrower_Registration_NewLoan_verify_TestData.xls (The system cannot find the file specified)]]>
            </message>
            <full-stacktrace>
              <![CDATA[java.io.FileNotFoundException: C:\AA_Batch\AA_ILPnullAA_Login_Homescreen_Borrower_Registration_NewLoan_verify_TestData.xls (The system cannot find the file specified)
at java.io.FileInputStream.open0(Native Method)
at java.io.FileInputStream.open(Unknown Source)
at java.io.FileInputStream.<init>(Unknown Source)
at java.io.FileInputStream.<init>(Unknown Source)
at pack.Excel.<init>(Excel.java:34)
at pack.AA_OH_ILP.Login_Homescreen_Borrower_Registration_NewLoan_verify_(AA_OH_ILP.java:100)
at sun.reflect.NativeMethodAccessorImpl.invoke0(Native Method)
at sun.reflect.NativeMethodAccessorImpl.invoke(Unknown Source)
at sun.reflect.DelegatingMethodAccessorImpl.invoke(Unknown Source)
at java.lang.reflect.Method.invoke(Unknown Source)
at org.testng.internal.MethodInvocationHelper.invokeMethod(MethodInvocationHelper.java:124)
at org.testng.internal.Invoker.invokeMethod(Invoker.java:583)
at org.testng.internal.Invoker.invokeTestMethod(Invoker.java:719)
at org.testng.internal.Invoker.invokeTestMethods(Invoker.java:989)
at org.testng.internal.TestMethodWorker.invokeTestMethods(TestMethodWorker.java:125)
at org.testng.internal.TestMethodWorker.run(TestMethodWorker.java:109)
at org.testng.TestRunner.privateRun(TestRunner.java:648)
at org.testng.TestRunner.run(TestRunner.java:505)
at org.testng.SuiteRunner.runTest(SuiteRunner.java:455)
at org.testng.SuiteRunner.runSequentially(SuiteRunner.java:450)
at org.testng.SuiteRunner.privateRun(SuiteRunner.java:415)
at org.testng.SuiteRunner.run(SuiteRunner.java:364)
at org.testng.SuiteRunnerWorker.runSuite(SuiteRunnerWorker.java:52)
at org.testng.SuiteRunnerWorker.run(SuiteRunnerWorker.java:84)
at org.testng.TestNG.runSuitesSequentially(TestNG.java:1208)
at org.testng.TestNG.runSuitesLocally(TestNG.java:1137)
at org.testng.TestNG.runSuites(TestNG.java:1049)
at org.testng.TestNG.run(TestNG.java:1017)
at org.testng.remote.AbstractRemoteTestNG.run(AbstractRemoteTestNG.java:114)
at org.testng.remote.RemoteTestNG.initAndRun(RemoteTestNG.java:251)
at org.testng.remote.RemoteTestNG.main(RemoteTestNG.java:77)
]]>
            </full-stacktrace>
          </exception> <!-- java.io.FileNotFoundException -->
          <reporter-output>
          </reporter-output>
        </test-method> <!-- Login_Homescreen_Borrower_Registration_NewLoan_verify_ -->
        <test-method status="FAIL" signature="getResult(org.testng.ITestResult)[pri:0, instance:pack.AA_OH_ILP@3e9b1010]" name="getResult" is-config="true" duration-ms="2" started-at="2019-07-11T06:23:14Z" finished-at="2019-07-11T06:23:14Z">
          <params>
            <param index="0">
              <value>
                <![CDATA[[TestResult name=Login_Homescreen_Borrower_Registration_NewLoan_verify_ status=FAILURE method=AA_OH_ILP.Login_Homescreen_Borrower_Registration_NewLoan_verify_()[pri:0, instance:pack.AA_OH_ILP@3e9b1010] output={null}]]]>
              </value>
            </param>
          </params>
          <exception class="java.lang.NullPointerException">
            <full-stacktrace>
              <![CDATA[java.lang.NullPointerException
at pack.AA_OH_ILP.getResult(AA_OH_ILP.java:4811)
at sun.reflect.NativeMethodAccessorImpl.invoke0(Native Method)
at sun.reflect.NativeMethodAccessorImpl.invoke(Unknown Source)
at sun.reflect.DelegatingMethodAccessorImpl.invoke(Unknown Source)
at java.lang.reflect.Method.invoke(Unknown Source)
at org.testng.internal.MethodInvocationHelper.invokeMethod(MethodInvocationHelper.java:124)
at org.testng.internal.MethodInvocationHelper.invokeMethodConsideringTimeout(MethodInvocationHelper.java:59)
at org.testng.internal.Invoker.invokeConfigurationMethod(Invoker.java:458)
at org.testng.internal.Invoker.invokeConfigurations(Invoker.java:222)
at org.testng.internal.Invoker.invokeMethod(Invoker.java:646)
at org.testng.internal.Invoker.invokeTestMethod(Invoker.java:719)
at org.testng.internal.Invoker.invokeTestMethods(Invoker.java:989)
at org.testng.internal.TestMethodWorker.invokeTestMethods(TestMethodWorker.java:125)
at org.testng.internal.TestMethodWorker.run(TestMethodWorker.java:109)
at org.testng.TestRunner.privateRun(TestRunner.java:648)
at org.testng.TestRunner.run(TestRunner.java:505)
at org.testng.SuiteRunner.runTest(SuiteRunner.java:455)
at org.testng.SuiteRunner.runSequentially(SuiteRunner.java:450)
at org.testng.SuiteRunner.privateRun(SuiteRunner.java:415)
at org.testng.SuiteRunner.run(SuiteRunner.java:364)
at org.testng.SuiteRunnerWorker.runSuite(SuiteRunnerWorker.java:52)
at org.testng.SuiteRunnerWorker.run(SuiteRunnerWorker.java:84)
at org.testng.TestNG.runSuitesSequentially(TestNG.java:1208)
at org.testng.TestNG.runSuitesLocally(TestNG.java:1137)
at org.testng.TestNG.runSuites(TestNG.java:1049)
at org.testng.TestNG.run(TestNG.java:1017)
at org.testng.remote.AbstractRemoteTestNG.run(AbstractRemoteTestNG.java:114)
at org.testng.remote.RemoteTestNG.initAndRun(RemoteTestNG.java:251)
at org.testng.remote.RemoteTestNG.main(RemoteTestNG.java:77)
]]>
            </full-stacktrace>
          </exception> <!-- java.lang.NullPointerException -->
          <reporter-output>
          </reporter-output>
        </test-method> <!-- getResult -->
        <test-method status="SKIP" signature="Login_Homescreen_Borrower_Registration_NewLoan_Monthly()[pri:1, instance:pack.AA_OH_ILP@3e9b1010]" name="Login_Homescreen_Borrower_Registration_NewLoan_Monthly" duration-ms="0" started-at="2019-07-11T06:23:14Z" finished-at="2019-07-11T06:23:14Z">
          <exception class="java.lang.NullPointerException">
            <full-stacktrace>
              <![CDATA[java.lang.NullPointerException
at pack.AA_OH_ILP.getResult(AA_OH_ILP.java:4811)
at sun.reflect.NativeMethodAccessorImpl.invoke0(Native Method)
at sun.reflect.NativeMethodAccessorImpl.invoke(Unknown Source)
at sun.reflect.DelegatingMethodAccessorImpl.invoke(Unknown Source)
at java.lang.reflect.Method.invoke(Unknown Source)
at org.testng.internal.MethodInvocationHelper.invokeMethod(MethodInvocationHelper.java:124)
at org.testng.internal.MethodInvocationHelper.invokeMethodConsideringTimeout(MethodInvocationHelper.java:59)
at org.testng.internal.Invoker.invokeConfigurationMethod(Invoker.java:458)
at org.testng.internal.Invoker.invokeConfigurations(Invoker.java:222)
at org.testng.internal.Invoker.invokeMethod(Invoker.java:646)
at org.testng.internal.Invoker.invokeTestMethod(Invoker.java:719)
at org.testng.internal.Invoker.invokeTestMethods(Invoker.java:989)
at org.testng.internal.TestMethodWorker.invokeTestMethods(TestMethodWorker.java:125)
at org.testng.internal.TestMethodWorker.run(TestMethodWorker.java:109)
at org.testng.TestRunner.privateRun(TestRunner.java:648)
at org.testng.TestRunner.run(TestRunner.java:505)
at org.testng.SuiteRunner.runTest(SuiteRunner.java:455)
at org.testng.SuiteRunner.runSequentially(SuiteRunner.java:450)
at org.testng.SuiteRunner.privateRun(SuiteRunner.java:415)
at org.testng.SuiteRunner.run(SuiteRunner.java:364)
at org.testng.SuiteRunnerWorker.runSuite(SuiteRunnerWorker.java:52)
at org.testng.SuiteRunnerWorker.run(SuiteRunnerWorker.java:84)
at org.testng.TestNG.runSuitesSequentially(TestNG.java:1208)
at org.testng.TestNG.runSuitesLocally(TestNG.java:1137)
at org.testng.TestNG.runSuites(TestNG.java:1049)
at org.testng.TestNG.run(TestNG.java:1017)
at org.testng.remote.AbstractRemoteTestNG.run(AbstractRemoteTestNG.java:114)
at org.testng.remote.RemoteTestNG.initAndRun(RemoteTestNG.java:251)
at org.testng.remote.RemoteTestNG.main(RemoteTestNG.java:77)
]]>
            </full-stacktrace>
          </exception> <!-- java.lang.NullPointerException -->
          <reporter-output>
          </reporter-output>
        </test-method> <!-- Login_Homescreen_Borrower_Registration_NewLoan_Monthly -->
        <test-method status="PASS" signature="getResult(org.testng.ITestResult)[pri:0, instance:pack.AA_OH_ILP@3e9b1010]" name="getResult" is-config="true" duration-ms="145" started-at="2019-07-11T06:23:14Z" finished-at="2019-07-11T06:23:15Z">
          <params>
            <param index="0">
              <value>
                <![CDATA[[TestResult name={null} status=CREATED method=AA_OH_ILP.Login_Homescreen_Borrower_Registration_NewLoan_Monthly()[pri:1, instance:pack.AA_OH_ILP@3e9b1010] output={null}]]]>
              </value>
            </param>
          </params>
          <reporter-output>
          </reporter-output>
        </test-method> <!-- getResult -->
        <test-method status="SKIP" signature="Login_Homescreen_Borrower_Registration_NewLoan_BiWeekly__()[pri:3, instance:pack.AA_OH_ILP@3e9b1010]" name="Login_Homescreen_Borrower_Registration_NewLoan_BiWeekly__" duration-ms="0" started-at="2019-07-11T06:23:15Z" finished-at="2019-07-11T06:23:15Z">
          <exception class="java.lang.NullPointerException">
            <full-stacktrace>
              <![CDATA[java.lang.NullPointerException
at pack.AA_OH_ILP.getResult(AA_OH_ILP.java:4811)
at sun.reflect.NativeMethodAccessorImpl.invoke0(Native Method)
at sun.reflect.NativeMethodAccessorImpl.invoke(Unknown Source)
at sun.reflect.DelegatingMethodAccessorImpl.invoke(Unknown Source)
at java.lang.reflect.Method.invoke(Unknown Source)
at org.testng.internal.MethodInvocationHelper.invokeMethod(MethodInvocationHelper.java:124)
at org.testng.internal.MethodInvocationHelper.invokeMethodConsideringTimeout(MethodInvocationHelper.java:59)
at org.testng.internal.Invoker.invokeConfigurationMethod(Invoker.java:458)
at org.testng.internal.Invoker.invokeConfigurations(Invoker.java:222)
at org.testng.internal.Invoker.invokeMethod(Invoker.java:646)
at org.testng.internal.Invoker.invokeTestMethod(Invoker.java:719)
at org.testng.internal.Invoker.invokeTestMethods(Invoker.java:989)
at org.testng.internal.TestMethodWorker.invokeTestMethods(TestMethodWorker.java:125)
at org.testng.internal.TestMethodWorker.run(TestMethodWorker.java:109)
at org.testng.TestRunner.privateRun(TestRunner.java:648)
at org.testng.TestRunner.run(TestRunner.java:505)
at org.testng.SuiteRunner.runTest(SuiteRunner.java:455)
at org.testng.SuiteRunner.runSequentially(SuiteRunner.java:450)
at org.testng.SuiteRunner.privateRun(SuiteRunner.java:415)
at org.testng.SuiteRunner.run(SuiteRunner.java:364)
at org.testng.SuiteRunnerWorker.runSuite(SuiteRunnerWorker.java:52)
at org.testng.SuiteRunnerWorker.run(SuiteRunnerWorker.java:84)
at org.testng.TestNG.runSuitesSequentially(TestNG.java:1208)
at org.testng.TestNG.runSuitesLocally(TestNG.java:1137)
at org.testng.TestNG.runSuites(TestNG.java:1049)
at org.testng.TestNG.run(TestNG.java:1017)
at org.testng.remote.AbstractRemoteTestNG.run(AbstractRemoteTestNG.java:114)
at org.testng.remote.RemoteTestNG.initAndRun(RemoteTestNG.java:251)
at org.testng.remote.RemoteTestNG.main(RemoteTestNG.java:77)
]]>
            </full-stacktrace>
          </exception> <!-- java.lang.NullPointerException -->
          <reporter-output>
          </reporter-output>
        </test-method> <!-- Login_Homescreen_Borrower_Registration_NewLoan_BiWeekly__ -->
        <test-method status="PASS" signature="getResult(org.testng.ITestResult)[pri:0, instance:pack.AA_OH_ILP@3e9b1010]" name="getResult" is-config="true" duration-ms="43" started-at="2019-07-11T06:23:15Z" finished-at="2019-07-11T06:23:15Z">
          <params>
            <param index="0">
              <value>
                <![CDATA[[TestResult name={null} status=CREATED method=AA_OH_ILP.Login_Homescreen_Borrower_Registration_NewLoan_BiWeekly__()[pri:3, instance:pack.AA_OH_ILP@3e9b1010] output={null}]]]>
              </value>
            </param>
          </params>
          <reporter-output>
          </reporter-output>
        </test-method> <!-- getResult -->
        <test-method status="SKIP" signature="Login_Homescreen_Borrower_Registration_NewLoan_Weekly_()[pri:4, instance:pack.AA_OH_ILP@3e9b1010]" name="Login_Homescreen_Borrower_Registration_NewLoan_Weekly_" duration-ms="0" started-at="2019-07-11T06:23:15Z" finished-at="2019-07-11T06:23:15Z">
          <exception class="java.lang.NullPointerException">
            <full-stacktrace>
              <![CDATA[java.lang.NullPointerException
at pack.AA_OH_ILP.getResult(AA_OH_ILP.java:4811)
at sun.reflect.NativeMethodAccessorImpl.invoke0(Native Method)
at sun.reflect.NativeMethodAccessorImpl.invoke(Unknown Source)
at sun.reflect.DelegatingMethodAccessorImpl.invoke(Unknown Source)
at java.lang.reflect.Method.invoke(Unknown Source)
at org.testng.internal.MethodInvocationHelper.invokeMethod(MethodInvocationHelper.java:124)
at org.testng.internal.MethodInvocationHelper.invokeMethodConsideringTimeout(MethodInvocationHelper.java:59)
at org.testng.internal.Invoker.invokeConfigurationMethod(Invoker.java:458)
at org.testng.internal.Invoker.invokeConfigurations(Invoker.java:222)
at org.testng.internal.Invoker.invokeMethod(Invoker.java:646)
at org.testng.internal.Invoker.invokeTestMethod(Invoker.java:719)
at org.testng.internal.Invoker.invokeTestMethods(Invoker.java:989)
at org.testng.internal.TestMethodWorker.invokeTestMethods(TestMethodWorker.java:125)
at org.testng.internal.TestMethodWorker.run(TestMethodWorker.java:109)
at org.testng.TestRunner.privateRun(TestRunner.java:648)
at org.testng.TestRunner.run(TestRunner.java:505)
at org.testng.SuiteRunner.runTest(SuiteRunner.java:455)
at org.testng.SuiteRunner.runSequentially(SuiteRunner.java:450)
at org.testng.SuiteRunner.privateRun(SuiteRunner.java:415)
at org.testng.SuiteRunner.run(SuiteRunner.java:364)
at org.testng.SuiteRunnerWorker.runSuite(SuiteRunnerWorker.java:52)
at org.testng.SuiteRunnerWorker.run(SuiteRunnerWorker.java:84)
at org.testng.TestNG.runSuitesSequentially(TestNG.java:1208)
at org.testng.TestNG.runSuitesLocally(TestNG.java:1137)
at org.testng.TestNG.runSuites(TestNG.java:1049)
at org.testng.TestNG.run(TestNG.java:1017)
at org.testng.remote.AbstractRemoteTestNG.run(AbstractRemoteTestNG.java:114)
at org.testng.remote.RemoteTestNG.initAndRun(RemoteTestNG.java:251)
at org.testng.remote.RemoteTestNG.main(RemoteTestNG.java:77)
]]>
            </full-stacktrace>
          </exception> <!-- java.lang.NullPointerException -->
          <reporter-output>
          </reporter-output>
        </test-method> <!-- Login_Homescreen_Borrower_Registration_NewLoan_Weekly_ -->
        <test-method status="PASS" signature="getResult(org.testng.ITestResult)[pri:0, instance:pack.AA_OH_ILP@3e9b1010]" name="getResult" is-config="true" duration-ms="16" started-at="2019-07-11T06:23:15Z" finished-at="2019-07-11T06:23:15Z">
          <params>
            <param index="0">
              <value>
                <![CDATA[[TestResult name={null} status=CREATED method=AA_OH_ILP.Login_Homescreen_Borrower_Registration_NewLoan_Weekly_()[pri:4, instance:pack.AA_OH_ILP@3e9b1010] output={null}]]]>
              </value>
            </param>
          </params>
          <reporter-output>
          </reporter-output>
        </test-method> <!-- getResult -->
        <test-method status="SKIP" signature="Login_Homescreen_Borrower_Registration_NewLoan_ACH_()[pri:5, instance:pack.AA_OH_ILP@3e9b1010]" name="Login_Homescreen_Borrower_Registration_NewLoan_ACH_" duration-ms="0" started-at="2019-07-11T06:23:15Z" finished-at="2019-07-11T06:23:15Z">
          <exception class="java.lang.NullPointerException">
            <full-stacktrace>
              <![CDATA[java.lang.NullPointerException
at pack.AA_OH_ILP.getResult(AA_OH_ILP.java:4811)
at sun.reflect.NativeMethodAccessorImpl.invoke0(Native Method)
at sun.reflect.NativeMethodAccessorImpl.invoke(Unknown Source)
at sun.reflect.DelegatingMethodAccessorImpl.invoke(Unknown Source)
at java.lang.reflect.Method.invoke(Unknown Source)
at org.testng.internal.MethodInvocationHelper.invokeMethod(MethodInvocationHelper.java:124)
at org.testng.internal.MethodInvocationHelper.invokeMethodConsideringTimeout(MethodInvocationHelper.java:59)
at org.testng.internal.Invoker.invokeConfigurationMethod(Invoker.java:458)
at org.testng.internal.Invoker.invokeConfigurations(Invoker.java:222)
at org.testng.internal.Invoker.invokeMethod(Invoker.java:646)
at org.testng.internal.Invoker.invokeTestMethod(Invoker.java:719)
at org.testng.internal.Invoker.invokeTestMethods(Invoker.java:989)
at org.testng.internal.TestMethodWorker.invokeTestMethods(TestMethodWorker.java:125)
at org.testng.internal.TestMethodWorker.run(TestMethodWorker.java:109)
at org.testng.TestRunner.privateRun(TestRunner.java:648)
at org.testng.TestRunner.run(TestRunner.java:505)
at org.testng.SuiteRunner.runTest(SuiteRunner.java:455)
at org.testng.SuiteRunner.runSequentially(SuiteRunner.java:450)
at org.testng.SuiteRunner.privateRun(SuiteRunner.java:415)
at org.testng.SuiteRunner.run(SuiteRunner.java:364)
at org.testng.SuiteRunnerWorker.runSuite(SuiteRunnerWorker.java:52)
at org.testng.SuiteRunnerWorker.run(SuiteRunnerWorker.java:84)
at org.testng.TestNG.runSuitesSequentially(TestNG.java:1208)
at org.testng.TestNG.runSuitesLocally(TestNG.java:1137)
at org.testng.TestNG.runSuites(TestNG.java:1049)
at org.testng.TestNG.run(TestNG.java:1017)
at org.testng.remote.AbstractRemoteTestNG.run(AbstractRemoteTestNG.java:114)
at org.testng.remote.RemoteTestNG.initAndRun(RemoteTestNG.java:251)
at org.testng.remote.RemoteTestNG.main(RemoteTestNG.java:77)
]]>
            </full-stacktrace>
          </exception> <!-- java.lang.NullPointerException -->
          <reporter-output>
          </reporter-output>
        </test-method> <!-- Login_Homescreen_Borrower_Registration_NewLoan_ACH_ -->
        <test-method status="PASS" signature="getResult(org.testng.ITestResult)[pri:0, instance:pack.AA_OH_ILP@3e9b1010]" name="getResult" is-config="true" duration-ms="16" started-at="2019-07-11T06:23:15Z" finished-at="2019-07-11T06:23:15Z">
          <params>
            <param index="0">
              <value>
                <![CDATA[[TestResult name={null} status=CREATED method=AA_OH_ILP.Login_Homescreen_Borrower_Registration_NewLoan_ACH_()[pri:5, instance:pack.AA_OH_ILP@3e9b1010] output={null}]]]>
              </value>
            </param>
          </params>
          <reporter-output>
          </reporter-output>
        </test-method> <!-- getResult -->
        <test-method status="SKIP" signature="Login_Homescreen_Borrower_Registration_NewLoan_MultiDisb_()[pri:6, instance:pack.AA_OH_ILP@3e9b1010]" name="Login_Homescreen_Borrower_Registration_NewLoan_MultiDisb_" duration-ms="0" started-at="2019-07-11T06:23:15Z" finished-at="2019-07-11T06:23:15Z">
          <exception class="java.lang.NullPointerException">
            <full-stacktrace>
              <![CDATA[java.lang.NullPointerException
at pack.AA_OH_ILP.getResult(AA_OH_ILP.java:4811)
at sun.reflect.NativeMethodAccessorImpl.invoke0(Native Method)
at sun.reflect.NativeMethodAccessorImpl.invoke(Unknown Source)
at sun.reflect.DelegatingMethodAccessorImpl.invoke(Unknown Source)
at java.lang.reflect.Method.invoke(Unknown Source)
at org.testng.internal.MethodInvocationHelper.invokeMethod(MethodInvocationHelper.java:124)
at org.testng.internal.MethodInvocationHelper.invokeMethodConsideringTimeout(MethodInvocationHelper.java:59)
at org.testng.internal.Invoker.invokeConfigurationMethod(Invoker.java:458)
at org.testng.internal.Invoker.invokeConfigurations(Invoker.java:222)
at org.testng.internal.Invoker.invokeMethod(Invoker.java:646)
at org.testng.internal.Invoker.invokeTestMethod(Invoker.java:719)
at org.testng.internal.Invoker.invokeTestMethods(Invoker.java:989)
at org.testng.internal.TestMethodWorker.invokeTestMethods(TestMethodWorker.java:125)
at org.testng.internal.TestMethodWorker.run(TestMethodWorker.java:109)
at org.testng.TestRunner.privateRun(TestRunner.java:648)
at org.testng.TestRunner.run(TestRunner.java:505)
at org.testng.SuiteRunner.runTest(SuiteRunner.java:455)
at org.testng.SuiteRunner.runSequentially(SuiteRunner.java:450)
at org.testng.SuiteRunner.privateRun(SuiteRunner.java:415)
at org.testng.SuiteRunner.run(SuiteRunner.java:364)
at org.testng.SuiteRunnerWorker.runSuite(SuiteRunnerWorker.java:52)
at org.testng.SuiteRunnerWorker.run(SuiteRunnerWorker.java:84)
at org.testng.TestNG.runSuitesSequentially(TestNG.java:1208)
at org.testng.TestNG.runSuitesLocally(TestNG.java:1137)
at org.testng.TestNG.runSuites(TestNG.java:1049)
at org.testng.TestNG.run(TestNG.java:1017)
at org.testng.remote.AbstractRemoteTestNG.run(AbstractRemoteTestNG.java:114)
at org.testng.remote.RemoteTestNG.initAndRun(RemoteTestNG.java:251)
at org.testng.remote.RemoteTestNG.main(RemoteTestNG.java:77)
]]>
            </full-stacktrace>
          </exception> <!-- java.lang.NullPointerException -->
          <reporter-output>
          </reporter-output>
        </test-method> <!-- Login_Homescreen_Borrower_Registration_NewLoan_MultiDisb_ -->
        <test-method status="PASS" signature="getResult(org.testng.ITestResult)[pri:0, instance:pack.AA_OH_ILP@3e9b1010]" name="getResult" is-config="true" duration-ms="15" started-at="2019-07-11T06:23:15Z" finished-at="2019-07-11T06:23:15Z">
          <params>
            <param index="0">
              <value>
                <![CDATA[[TestResult name={null} status=CREATED method=AA_OH_ILP.Login_Homescreen_Borrower_Registration_NewLoan_MultiDisb_()[pri:6, instance:pack.AA_OH_ILP@3e9b1010] output={null}]]]>
              </value>
            </param>
          </params>
          <reporter-output>
          </reporter-output>
        </test-method> <!-- getResult -->
        <test-method status="SKIP" signature="CO_ILP_NewLoanVoid()[pri:7, instance:pack.AA_OH_ILP@3e9b1010]" name="CO_ILP_NewLoanVoid" duration-ms="0" started-at="2019-07-11T06:23:15Z" finished-at="2019-07-11T06:23:15Z">
          <exception class="java.lang.NullPointerException">
            <full-stacktrace>
              <![CDATA[java.lang.NullPointerException
at pack.AA_OH_ILP.getResult(AA_OH_ILP.java:4811)
at sun.reflect.NativeMethodAccessorImpl.invoke0(Native Method)
at sun.reflect.NativeMethodAccessorImpl.invoke(Unknown Source)
at sun.reflect.DelegatingMethodAccessorImpl.invoke(Unknown Source)
at java.lang.reflect.Method.invoke(Unknown Source)
at org.testng.internal.MethodInvocationHelper.invokeMethod(MethodInvocationHelper.java:124)
at org.testng.internal.MethodInvocationHelper.invokeMethodConsideringTimeout(MethodInvocationHelper.java:59)
at org.testng.internal.Invoker.invokeConfigurationMethod(Invoker.java:458)
at org.testng.internal.Invoker.invokeConfigurations(Invoker.java:222)
at org.testng.internal.Invoker.invokeMethod(Invoker.java:646)
at org.testng.internal.Invoker.invokeTestMethod(Invoker.java:719)
at org.testng.internal.Invoker.invokeTestMethods(Invoker.java:989)
at org.testng.internal.TestMethodWorker.invokeTestMethods(TestMethodWorker.java:125)
at org.testng.internal.TestMethodWorker.run(TestMethodWorker.java:109)
at org.testng.TestRunner.privateRun(TestRunner.java:648)
at org.testng.TestRunner.run(TestRunner.java:505)
at org.testng.SuiteRunner.runTest(SuiteRunner.java:455)
at org.testng.SuiteRunner.runSequentially(SuiteRunner.java:450)
at org.testng.SuiteRunner.privateRun(SuiteRunner.java:415)
at org.testng.SuiteRunner.run(SuiteRunner.java:364)
at org.testng.SuiteRunnerWorker.runSuite(SuiteRunnerWorker.java:52)
at org.testng.SuiteRunnerWorker.run(SuiteRunnerWorker.java:84)
at org.testng.TestNG.runSuitesSequentially(TestNG.java:1208)
at org.testng.TestNG.runSuitesLocally(TestNG.java:1137)
at org.testng.TestNG.runSuites(TestNG.java:1049)
at org.testng.TestNG.run(TestNG.java:1017)
at org.testng.remote.AbstractRemoteTestNG.run(AbstractRemoteTestNG.java:114)
at org.testng.remote.RemoteTestNG.initAndRun(RemoteTestNG.java:251)
at org.testng.remote.RemoteTestNG.main(RemoteTestNG.java:77)
]]>
            </full-stacktrace>
          </exception> <!-- java.lang.NullPointerException -->
          <reporter-output>
          </reporter-output>
        </test-method> <!-- CO_ILP_NewLoanVoid -->
        <test-method status="PASS" signature="getResult(org.testng.ITestResult)[pri:0, instance:pack.AA_OH_ILP@3e9b1010]" name="getResult" is-config="true" duration-ms="58" started-at="2019-07-11T06:23:15Z" finished-at="2019-07-11T06:23:15Z">
          <params>
            <param index="0">
              <value>
                <![CDATA[[TestResult name={null} status=CREATED method=AA_OH_ILP.CO_ILP_NewLoanVoid()[pri:7, instance:pack.AA_OH_ILP@3e9b1010] output={null}]]]>
              </value>
            </param>
          </params>
          <reporter-output>
          </reporter-output>
        </test-method> <!-- getResult -->
        <test-method status="SKIP" signature="loan_VoidEncryption()[pri:8, instance:pack.AA_OH_ILP@3e9b1010]" name="loan_VoidEncryption" duration-ms="0" started-at="2019-07-11T06:23:15Z" finished-at="2019-07-11T06:23:15Z">
          <exception class="java.lang.NullPointerException">
            <full-stacktrace>
              <![CDATA[java.lang.NullPointerException
at pack.AA_OH_ILP.getResult(AA_OH_ILP.java:4811)
at sun.reflect.NativeMethodAccessorImpl.invoke0(Native Method)
at sun.reflect.NativeMethodAccessorImpl.invoke(Unknown Source)
at sun.reflect.DelegatingMethodAccessorImpl.invoke(Unknown Source)
at java.lang.reflect.Method.invoke(Unknown Source)
at org.testng.internal.MethodInvocationHelper.invokeMethod(MethodInvocationHelper.java:124)
at org.testng.internal.MethodInvocationHelper.invokeMethodConsideringTimeout(MethodInvocationHelper.java:59)
at org.testng.internal.Invoker.invokeConfigurationMethod(Invoker.java:458)
at org.testng.internal.Invoker.invokeConfigurations(Invoker.java:222)
at org.testng.internal.Invoker.invokeMethod(Invoker.java:646)
at org.testng.internal.Invoker.invokeTestMethod(Invoker.java:719)
at org.testng.internal.Invoker.invokeTestMethods(Invoker.java:989)
at org.testng.internal.TestMethodWorker.invokeTestMethods(TestMethodWorker.java:125)
at org.testng.internal.TestMethodWorker.run(TestMethodWorker.java:109)
at org.testng.TestRunner.privateRun(TestRunner.java:648)
at org.testng.TestRunner.run(TestRunner.java:505)
at org.testng.SuiteRunner.runTest(SuiteRunner.java:455)
at org.testng.SuiteRunner.runSequentially(SuiteRunner.java:450)
at org.testng.SuiteRunner.privateRun(SuiteRunner.java:415)
at org.testng.SuiteRunner.run(SuiteRunner.java:364)
at org.testng.SuiteRunnerWorker.runSuite(SuiteRunnerWorker.java:52)
at org.testng.SuiteRunnerWorker.run(SuiteRunnerWorker.java:84)
at org.testng.TestNG.runSuitesSequentially(TestNG.java:1208)
at org.testng.TestNG.runSuitesLocally(TestNG.java:1137)
at org.testng.TestNG.runSuites(TestNG.java:1049)
at org.testng.TestNG.run(TestNG.java:1017)
at org.testng.remote.AbstractRemoteTestNG.run(AbstractRemoteTestNG.java:114)
at org.testng.remote.RemoteTestNG.initAndRun(RemoteTestNG.java:251)
at org.testng.remote.RemoteTestNG.main(RemoteTestNG.java:77)
]]>
            </full-stacktrace>
          </exception> <!-- java.lang.NullPointerException -->
          <reporter-output>
          </reporter-output>
        </test-method> <!-- loan_VoidEncryption -->
        <test-method status="PASS" signature="getResult(org.testng.ITestResult)[pri:0, instance:pack.AA_OH_ILP@3e9b1010]" name="getResult" is-config="true" duration-ms="14" started-at="2019-07-11T06:23:15Z" finished-at="2019-07-11T06:23:15Z">
          <params>
            <param index="0">
              <value>
                <![CDATA[[TestResult name={null} status=CREATED method=AA_OH_ILP.loan_VoidEncryption()[pri:8, instance:pack.AA_OH_ILP@3e9b1010] output={null}]]]>
              </value>
            </param>
          </params>
          <reporter-output>
          </reporter-output>
        </test-method> <!-- getResult -->
        <test-method status="PASS" signature="getResult(org.testng.ITestResult)[pri:0, instance:pack.AA_OH_ILP@3e9b1010]" name="getResult" is-config="true" duration-ms="15" started-at="2019-07-11T06:23:15Z" finished-at="2019-07-11T06:23:15Z">
          <params>
            <param index="0">
              <value>
                <![CDATA[[TestResult name={null} status=CREATED method=AA_OH_ILP.CO_ILP_NewLoanRescind()[pri:9, instance:pack.AA_OH_ILP@3e9b1010] output={null}]]]>
              </value>
            </param>
          </params>
          <reporter-output>
          </reporter-output>
        </test-method> <!-- getResult -->
        <test-method status="SKIP" signature="CO_ILP_NewLoanRescind()[pri:9, instance:pack.AA_OH_ILP@3e9b1010]" name="CO_ILP_NewLoanRescind" duration-ms="0" started-at="2019-07-11T06:23:15Z" finished-at="2019-07-11T06:23:15Z">
          <exception class="java.lang.NullPointerException">
            <full-stacktrace>
              <![CDATA[java.lang.NullPointerException
at pack.AA_OH_ILP.getResult(AA_OH_ILP.java:4811)
at sun.reflect.NativeMethodAccessorImpl.invoke0(Native Method)
at sun.reflect.NativeMethodAccessorImpl.invoke(Unknown Source)
at sun.reflect.DelegatingMethodAccessorImpl.invoke(Unknown Source)
at java.lang.reflect.Method.invoke(Unknown Source)
at org.testng.internal.MethodInvocationHelper.invokeMethod(MethodInvocationHelper.java:124)
at org.testng.internal.MethodInvocationHelper.invokeMethodConsideringTimeout(MethodInvocationHelper.java:59)
at org.testng.internal.Invoker.invokeConfigurationMethod(Invoker.java:458)
at org.testng.internal.Invoker.invokeConfigurations(Invoker.java:222)
at org.testng.internal.Invoker.invokeMethod(Invoker.java:646)
at org.testng.internal.Invoker.invokeTestMethod(Invoker.java:719)
at org.testng.internal.Invoker.invokeTestMethods(Invoker.java:989)
at org.testng.internal.TestMethodWorker.invokeTestMethods(TestMethodWorker.java:125)
at org.testng.internal.TestMethodWorker.run(TestMethodWorker.java:109)
at org.testng.TestRunner.privateRun(TestRunner.java:648)
at org.testng.TestRunner.run(TestRunner.java:505)
at org.testng.SuiteRunner.runTest(SuiteRunner.java:455)
at org.testng.SuiteRunner.runSequentially(SuiteRunner.java:450)
at org.testng.SuiteRunner.privateRun(SuiteRunner.java:415)
at org.testng.SuiteRunner.run(SuiteRunner.java:364)
at org.testng.SuiteRunnerWorker.runSuite(SuiteRunnerWorker.java:52)
at org.testng.SuiteRunnerWorker.run(SuiteRunnerWorker.java:84)
at org.testng.TestNG.runSuitesSequentially(TestNG.java:1208)
at org.testng.TestNG.runSuitesLocally(TestNG.java:1137)
at org.testng.TestNG.runSuites(TestNG.java:1049)
at org.testng.TestNG.run(TestNG.java:1017)
at org.testng.remote.AbstractRemoteTestNG.run(AbstractRemoteTestNG.java:114)
at org.testng.remote.RemoteTestNG.initAndRun(RemoteTestNG.java:251)
at org.testng.remote.RemoteTestNG.main(RemoteTestNG.java:77)
]]>
            </full-stacktrace>
          </exception> <!-- java.lang.NullPointerException -->
          <reporter-output>
          </reporter-output>
        </test-method> <!-- CO_ILP_NewLoanRescind -->
        <test-method status="SKIP" signature="CO_ILP_MultipleDisbNewLoan_Void()[pri:10, instance:pack.AA_OH_ILP@3e9b1010]" name="CO_ILP_MultipleDisbNewLoan_Void" duration-ms="0" started-at="2019-07-11T06:23:15Z" finished-at="2019-07-11T06:23:15Z">
          <exception class="java.lang.NullPointerException">
            <full-stacktrace>
              <![CDATA[java.lang.NullPointerException
at pack.AA_OH_ILP.getResult(AA_OH_ILP.java:4811)
at sun.reflect.NativeMethodAccessorImpl.invoke0(Native Method)
at sun.reflect.NativeMethodAccessorImpl.invoke(Unknown Source)
at sun.reflect.DelegatingMethodAccessorImpl.invoke(Unknown Source)
at java.lang.reflect.Method.invoke(Unknown Source)
at org.testng.internal.MethodInvocationHelper.invokeMethod(MethodInvocationHelper.java:124)
at org.testng.internal.MethodInvocationHelper.invokeMethodConsideringTimeout(MethodInvocationHelper.java:59)
at org.testng.internal.Invoker.invokeConfigurationMethod(Invoker.java:458)
at org.testng.internal.Invoker.invokeConfigurations(Invoker.java:222)
at org.testng.internal.Invoker.invokeMethod(Invoker.java:646)
at org.testng.internal.Invoker.invokeTestMethod(Invoker.java:719)
at org.testng.internal.Invoker.invokeTestMethods(Invoker.java:989)
at org.testng.internal.TestMethodWorker.invokeTestMethods(TestMethodWorker.java:125)
at org.testng.internal.TestMethodWorker.run(TestMethodWorker.java:109)
at org.testng.TestRunner.privateRun(TestRunner.java:648)
at org.testng.TestRunner.run(TestRunner.java:505)
at org.testng.SuiteRunner.runTest(SuiteRunner.java:455)
at org.testng.SuiteRunner.runSequentially(SuiteRunner.java:450)
at org.testng.SuiteRunner.privateRun(SuiteRunner.java:415)
at org.testng.SuiteRunner.run(SuiteRunner.java:364)
at org.testng.SuiteRunnerWorker.runSuite(SuiteRunnerWorker.java:52)
at org.testng.SuiteRunnerWorker.run(SuiteRunnerWorker.java:84)
at org.testng.TestNG.runSuitesSequentially(TestNG.java:1208)
at org.testng.TestNG.runSuitesLocally(TestNG.java:1137)
at org.testng.TestNG.runSuites(TestNG.java:1049)
at org.testng.TestNG.run(TestNG.java:1017)
at org.testng.remote.AbstractRemoteTestNG.run(AbstractRemoteTestNG.java:114)
at org.testng.remote.RemoteTestNG.initAndRun(RemoteTestNG.java:251)
at org.testng.remote.RemoteTestNG.main(RemoteTestNG.java:77)
]]>
            </full-stacktrace>
          </exception> <!-- java.lang.NullPointerException -->
          <reporter-output>
          </reporter-output>
        </test-method> <!-- CO_ILP_MultipleDisbNewLoan_Void -->
        <test-method status="PASS" signature="getResult(org.testng.ITestResult)[pri:0, instance:pack.AA_OH_ILP@3e9b1010]" name="getResult" is-config="true" duration-ms="13" started-at="2019-07-11T06:23:15Z" finished-at="2019-07-11T06:23:15Z">
          <params>
            <param index="0">
              <value>
                <![CDATA[[TestResult name={null} status=CREATED method=AA_OH_ILP.CO_ILP_MultipleDisbNewLoan_Void()[pri:10, instance:pack.AA_OH_ILP@3e9b1010] output={null}]]]>
              </value>
            </param>
          </params>
          <reporter-output>
          </reporter-output>
        </test-method> <!-- getResult -->
        <test-method status="SKIP" signature="LonI_StoreDateafterRescindPeriod_Payment_selectpayanyotheramt_Pymtamtlessthan1stint()[pri:12, instance:pack.AA_OH_ILP@3e9b1010]" name="LonI_StoreDateafterRescindPeriod_Payment_selectpayanyotheramt_Pymtamtlessthan1stint" duration-ms="0" started-at="2019-07-11T06:23:15Z" finished-at="2019-07-11T06:23:15Z">
          <exception class="java.lang.NullPointerException">
            <full-stacktrace>
              <![CDATA[java.lang.NullPointerException
at pack.AA_OH_ILP.getResult(AA_OH_ILP.java:4811)
at sun.reflect.NativeMethodAccessorImpl.invoke0(Native Method)
at sun.reflect.NativeMethodAccessorImpl.invoke(Unknown Source)
at sun.reflect.DelegatingMethodAccessorImpl.invoke(Unknown Source)
at java.lang.reflect.Method.invoke(Unknown Source)
at org.testng.internal.MethodInvocationHelper.invokeMethod(MethodInvocationHelper.java:124)
at org.testng.internal.MethodInvocationHelper.invokeMethodConsideringTimeout(MethodInvocationHelper.java:59)
at org.testng.internal.Invoker.invokeConfigurationMethod(Invoker.java:458)
at org.testng.internal.Invoker.invokeConfigurations(Invoker.java:222)
at org.testng.internal.Invoker.invokeMethod(Invoker.java:646)
at org.testng.internal.Invoker.invokeTestMethod(Invoker.java:719)
at org.testng.internal.Invoker.invokeTestMethods(Invoker.java:989)
at org.testng.internal.TestMethodWorker.invokeTestMethods(TestMethodWorker.java:125)
at org.testng.internal.TestMethodWorker.run(TestMethodWorker.java:109)
at org.testng.TestRunner.privateRun(TestRunner.java:648)
at org.testng.TestRunner.run(TestRunner.java:505)
at org.testng.SuiteRunner.runTest(SuiteRunner.java:455)
at org.testng.SuiteRunner.runSequentially(SuiteRunner.java:450)
at org.testng.SuiteRunner.privateRun(SuiteRunner.java:415)
at org.testng.SuiteRunner.run(SuiteRunner.java:364)
at org.testng.SuiteRunnerWorker.runSuite(SuiteRunnerWorker.java:52)
at org.testng.SuiteRunnerWorker.run(SuiteRunnerWorker.java:84)
at org.testng.TestNG.runSuitesSequentially(TestNG.java:1208)
at org.testng.TestNG.runSuitesLocally(TestNG.java:1137)
at org.testng.TestNG.runSuites(TestNG.java:1049)
at org.testng.TestNG.run(TestNG.java:1017)
at org.testng.remote.AbstractRemoteTestNG.run(AbstractRemoteTestNG.java:114)
at org.testng.remote.RemoteTestNG.initAndRun(RemoteTestNG.java:251)
at org.testng.remote.RemoteTestNG.main(RemoteTestNG.java:77)
]]>
            </full-stacktrace>
          </exception> <!-- java.lang.NullPointerException -->
          <reporter-output>
          </reporter-output>
        </test-method> <!-- LonI_StoreDateafterRescindPeriod_Payment_selectpayanyotheramt_Pymtamtlessthan1stint -->
        <test-method status="PASS" signature="getResult(org.testng.ITestResult)[pri:0, instance:pack.AA_OH_ILP@3e9b1010]" name="getResult" is-config="true" duration-ms="13" started-at="2019-07-11T06:23:15Z" finished-at="2019-07-11T06:23:15Z">
          <params>
            <param index="0">
              <value>
                <![CDATA[[TestResult name={null} status=CREATED method=AA_OH_ILP.LonI_StoreDateafterRescindPeriod_Payment_selectpayanyotheramt_Pymtamtlessthan1stint()[pri:12, instance:pack.AA_OH_ILP@3e9b1010] output={null}]]]>
              </value>
            </param>
          </params>
          <reporter-output>
          </reporter-output>
        </test-method> <!-- getResult -->
        <test-method status="SKIP" signature="LonI_RunEODbatchon1Instduedate_Payment_PayPastDue_NextInstallment()[pri:13, instance:pack.AA_OH_ILP@3e9b1010]" name="LonI_RunEODbatchon1Instduedate_Payment_PayPastDue_NextInstallment" duration-ms="0" started-at="2019-07-11T06:23:15Z" finished-at="2019-07-11T06:23:15Z">
          <exception class="java.lang.NullPointerException">
            <full-stacktrace>
              <![CDATA[java.lang.NullPointerException
at pack.AA_OH_ILP.getResult(AA_OH_ILP.java:4811)
at sun.reflect.NativeMethodAccessorImpl.invoke0(Native Method)
at sun.reflect.NativeMethodAccessorImpl.invoke(Unknown Source)
at sun.reflect.DelegatingMethodAccessorImpl.invoke(Unknown Source)
at java.lang.reflect.Method.invoke(Unknown Source)
at org.testng.internal.MethodInvocationHelper.invokeMethod(MethodInvocationHelper.java:124)
at org.testng.internal.MethodInvocationHelper.invokeMethodConsideringTimeout(MethodInvocationHelper.java:59)
at org.testng.internal.Invoker.invokeConfigurationMethod(Invoker.java:458)
at org.testng.internal.Invoker.invokeConfigurations(Invoker.java:222)
at org.testng.internal.Invoker.invokeMethod(Invoker.java:646)
at org.testng.internal.Invoker.invokeTestMethod(Invoker.java:719)
at org.testng.internal.Invoker.invokeTestMethods(Invoker.java:989)
at org.testng.internal.TestMethodWorker.invokeTestMethods(TestMethodWorker.java:125)
at org.testng.internal.TestMethodWorker.run(TestMethodWorker.java:109)
at org.testng.TestRunner.privateRun(TestRunner.java:648)
at org.testng.TestRunner.run(TestRunner.java:505)
at org.testng.SuiteRunner.runTest(SuiteRunner.java:455)
at org.testng.SuiteRunner.runSequentially(SuiteRunner.java:450)
at org.testng.SuiteRunner.privateRun(SuiteRunner.java:415)
at org.testng.SuiteRunner.run(SuiteRunner.java:364)
at org.testng.SuiteRunnerWorker.runSuite(SuiteRunnerWorker.java:52)
at org.testng.SuiteRunnerWorker.run(SuiteRunnerWorker.java:84)
at org.testng.TestNG.runSuitesSequentially(TestNG.java:1208)
at org.testng.TestNG.runSuitesLocally(TestNG.java:1137)
at org.testng.TestNG.runSuites(TestNG.java:1049)
at org.testng.TestNG.run(TestNG.java:1017)
at org.testng.remote.AbstractRemoteTestNG.run(AbstractRemoteTestNG.java:114)
at org.testng.remote.RemoteTestNG.initAndRun(RemoteTestNG.java:251)
at org.testng.remote.RemoteTestNG.main(RemoteTestNG.java:77)
]]>
            </full-stacktrace>
          </exception> <!-- java.lang.NullPointerException -->
          <reporter-output>
          </reporter-output>
        </test-method> <!-- LonI_RunEODbatchon1Instduedate_Payment_PayPastDue_NextInstallment -->
        <test-method status="PASS" signature="getResult(org.testng.ITestResult)[pri:0, instance:pack.AA_OH_ILP@3e9b1010]" name="getResult" is-config="true" duration-ms="16" started-at="2019-07-11T06:23:15Z" finished-at="2019-07-11T06:23:15Z">
          <params>
            <param index="0">
              <value>
                <![CDATA[[TestResult name={null} status=CREATED method=AA_OH_ILP.LonI_RunEODbatchon1Instduedate_Payment_PayPastDue_NextInstallment()[pri:13, instance:pack.AA_OH_ILP@3e9b1010] output={null}]]]>
              </value>
            </param>
          </params>
          <reporter-output>
          </reporter-output>
        </test-method> <!-- getResult -->
        <test-method status="SKIP" signature="LonI_RunEODbatchon1Instduedate_AgainEODbatchfrom10thdayof1stInstduedate_Payment_Pastdue_1stInstamt()[pri:14, instance:pack.AA_OH_ILP@3e9b1010]" name="LonI_RunEODbatchon1Instduedate_AgainEODbatchfrom10thdayof1stInstduedate_Payment_Pastdue_1stInstamt" duration-ms="0" started-at="2019-07-11T06:23:15Z" finished-at="2019-07-11T06:23:15Z">
          <exception class="java.lang.NullPointerException">
            <full-stacktrace>
              <![CDATA[java.lang.NullPointerException
at pack.AA_OH_ILP.getResult(AA_OH_ILP.java:4811)
at sun.reflect.NativeMethodAccessorImpl.invoke0(Native Method)
at sun.reflect.NativeMethodAccessorImpl.invoke(Unknown Source)
at sun.reflect.DelegatingMethodAccessorImpl.invoke(Unknown Source)
at java.lang.reflect.Method.invoke(Unknown Source)
at org.testng.internal.MethodInvocationHelper.invokeMethod(MethodInvocationHelper.java:124)
at org.testng.internal.MethodInvocationHelper.invokeMethodConsideringTimeout(MethodInvocationHelper.java:59)
at org.testng.internal.Invoker.invokeConfigurationMethod(Invoker.java:458)
at org.testng.internal.Invoker.invokeConfigurations(Invoker.java:222)
at org.testng.internal.Invoker.invokeMethod(Invoker.java:646)
at org.testng.internal.Invoker.invokeTestMethod(Invoker.java:719)
at org.testng.internal.Invoker.invokeTestMethods(Invoker.java:989)
at org.testng.internal.TestMethodWorker.invokeTestMethods(TestMethodWorker.java:125)
at org.testng.internal.TestMethodWorker.run(TestMethodWorker.java:109)
at org.testng.TestRunner.privateRun(TestRunner.java:648)
at org.testng.TestRunner.run(TestRunner.java:505)
at org.testng.SuiteRunner.runTest(SuiteRunner.java:455)
at org.testng.SuiteRunner.runSequentially(SuiteRunner.java:450)
at org.testng.SuiteRunner.privateRun(SuiteRunner.java:415)
at org.testng.SuiteRunner.run(SuiteRunner.java:364)
at org.testng.SuiteRunnerWorker.runSuite(SuiteRunnerWorker.java:52)
at org.testng.SuiteRunnerWorker.run(SuiteRunnerWorker.java:84)
at org.testng.TestNG.runSuitesSequentially(TestNG.java:1208)
at org.testng.TestNG.runSuitesLocally(TestNG.java:1137)
at org.testng.TestNG.runSuites(TestNG.java:1049)
at org.testng.TestNG.run(TestNG.java:1017)
at org.testng.remote.AbstractRemoteTestNG.run(AbstractRemoteTestNG.java:114)
at org.testng.remote.RemoteTestNG.initAndRun(RemoteTestNG.java:251)
at org.testng.remote.RemoteTestNG.main(RemoteTestNG.java:77)
]]>
            </full-stacktrace>
          </exception> <!-- java.lang.NullPointerException -->
          <reporter-output>
          </reporter-output>
        </test-method> <!-- LonI_RunEODbatchon1Instduedate_AgainEODbatchfrom10thdayof1stInstduedate_Payment_Pastdue_1stInstamt -->
        <test-method status="PASS" signature="getResult(org.testng.ITestResult)[pri:0, instance:pack.AA_OH_ILP@3e9b1010]" name="getResult" is-config="true" duration-ms="13" started-at="2019-07-11T06:23:15Z" finished-at="2019-07-11T06:23:15Z">
          <params>
            <param index="0">
              <value>
                <![CDATA[[TestResult name={null} status=CREATED method=AA_OH_ILP.LonI_RunEODbatchon1Instduedate_AgainEODbatchfrom10thdayof1stInstduedate_Payment_Pastdue_1stInstamt()[pri:14, instance:pack.AA_OH_ILP@3e9b1010] output={null}]]]>
              </value>
            </param>
          </params>
          <reporter-output>
          </reporter-output>
        </test-method> <!-- getResult -->
        <test-method status="SKIP" signature="LonI_StoreDateafterRescindPeriod_Payment_selectpayanyotheramt_Pymtamtlessthan1stint_VoidPymt()[pri:15, instance:pack.AA_OH_ILP@3e9b1010]" name="LonI_StoreDateafterRescindPeriod_Payment_selectpayanyotheramt_Pymtamtlessthan1stint_VoidPymt" duration-ms="0" started-at="2019-07-11T06:23:15Z" finished-at="2019-07-11T06:23:15Z">
          <exception class="java.lang.NullPointerException">
            <full-stacktrace>
              <![CDATA[java.lang.NullPointerException
at pack.AA_OH_ILP.getResult(AA_OH_ILP.java:4811)
at sun.reflect.NativeMethodAccessorImpl.invoke0(Native Method)
at sun.reflect.NativeMethodAccessorImpl.invoke(Unknown Source)
at sun.reflect.DelegatingMethodAccessorImpl.invoke(Unknown Source)
at java.lang.reflect.Method.invoke(Unknown Source)
at org.testng.internal.MethodInvocationHelper.invokeMethod(MethodInvocationHelper.java:124)
at org.testng.internal.MethodInvocationHelper.invokeMethodConsideringTimeout(MethodInvocationHelper.java:59)
at org.testng.internal.Invoker.invokeConfigurationMethod(Invoker.java:458)
at org.testng.internal.Invoker.invokeConfigurations(Invoker.java:222)
at org.testng.internal.Invoker.invokeMethod(Invoker.java:646)
at org.testng.internal.Invoker.invokeTestMethod(Invoker.java:719)
at org.testng.internal.Invoker.invokeTestMethods(Invoker.java:989)
at org.testng.internal.TestMethodWorker.invokeTestMethods(TestMethodWorker.java:125)
at org.testng.internal.TestMethodWorker.run(TestMethodWorker.java:109)
at org.testng.TestRunner.privateRun(TestRunner.java:648)
at org.testng.TestRunner.run(TestRunner.java:505)
at org.testng.SuiteRunner.runTest(SuiteRunner.java:455)
at org.testng.SuiteRunner.runSequentially(SuiteRunner.java:450)
at org.testng.SuiteRunner.privateRun(SuiteRunner.java:415)
at org.testng.SuiteRunner.run(SuiteRunner.java:364)
at org.testng.SuiteRunnerWorker.runSuite(SuiteRunnerWorker.java:52)
at org.testng.SuiteRunnerWorker.run(SuiteRunnerWorker.java:84)
at org.testng.TestNG.runSuitesSequentially(TestNG.java:1208)
at org.testng.TestNG.runSuitesLocally(TestNG.java:1137)
at org.testng.TestNG.runSuites(TestNG.java:1049)
at org.testng.TestNG.run(TestNG.java:1017)
at org.testng.remote.AbstractRemoteTestNG.run(AbstractRemoteTestNG.java:114)
at org.testng.remote.RemoteTestNG.initAndRun(RemoteTestNG.java:251)
at org.testng.remote.RemoteTestNG.main(RemoteTestNG.java:77)
]]>
            </full-stacktrace>
          </exception> <!-- java.lang.NullPointerException -->
          <reporter-output>
          </reporter-output>
        </test-method> <!-- LonI_StoreDateafterRescindPeriod_Payment_selectpayanyotheramt_Pymtamtlessthan1stint_VoidPymt -->
        <test-method status="PASS" signature="getResult(org.testng.ITestResult)[pri:0, instance:pack.AA_OH_ILP@3e9b1010]" name="getResult" is-config="true" duration-ms="14" started-at="2019-07-11T06:23:15Z" finished-at="2019-07-11T06:23:15Z">
          <params>
            <param index="0">
              <value>
                <![CDATA[[TestResult name={null} status=CREATED method=AA_OH_ILP.LonI_StoreDateafterRescindPeriod_Payment_selectpayanyotheramt_Pymtamtlessthan1stint_VoidPymt()[pri:15, instance:pack.AA_OH_ILP@3e9b1010] output={null}]]]>
              </value>
            </param>
          </params>
          <reporter-output>
          </reporter-output>
        </test-method> <!-- getResult -->
        <test-method status="SKIP" signature="LonI_RunEODbatchon1Instduedate_Payment_PayPastDue_NextInstallment_VoidPymt()[pri:16, instance:pack.AA_OH_ILP@3e9b1010]" name="LonI_RunEODbatchon1Instduedate_Payment_PayPastDue_NextInstallment_VoidPymt" duration-ms="0" started-at="2019-07-11T06:23:15Z" finished-at="2019-07-11T06:23:15Z">
          <exception class="java.lang.NullPointerException">
            <full-stacktrace>
              <![CDATA[java.lang.NullPointerException
at pack.AA_OH_ILP.getResult(AA_OH_ILP.java:4811)
at sun.reflect.NativeMethodAccessorImpl.invoke0(Native Method)
at sun.reflect.NativeMethodAccessorImpl.invoke(Unknown Source)
at sun.reflect.DelegatingMethodAccessorImpl.invoke(Unknown Source)
at java.lang.reflect.Method.invoke(Unknown Source)
at org.testng.internal.MethodInvocationHelper.invokeMethod(MethodInvocationHelper.java:124)
at org.testng.internal.MethodInvocationHelper.invokeMethodConsideringTimeout(MethodInvocationHelper.java:59)
at org.testng.internal.Invoker.invokeConfigurationMethod(Invoker.java:458)
at org.testng.internal.Invoker.invokeConfigurations(Invoker.java:222)
at org.testng.internal.Invoker.invokeMethod(Invoker.java:646)
at org.testng.internal.Invoker.invokeTestMethod(Invoker.java:719)
at org.testng.internal.Invoker.invokeTestMethods(Invoker.java:989)
at org.testng.internal.TestMethodWorker.invokeTestMethods(TestMethodWorker.java:125)
at org.testng.internal.TestMethodWorker.run(TestMethodWorker.java:109)
at org.testng.TestRunner.privateRun(TestRunner.java:648)
at org.testng.TestRunner.run(TestRunner.java:505)
at org.testng.SuiteRunner.runTest(SuiteRunner.java:455)
at org.testng.SuiteRunner.runSequentially(SuiteRunner.java:450)
at org.testng.SuiteRunner.privateRun(SuiteRunner.java:415)
at org.testng.SuiteRunner.run(SuiteRunner.java:364)
at org.testng.SuiteRunnerWorker.runSuite(SuiteRunnerWorker.java:52)
at org.testng.SuiteRunnerWorker.run(SuiteRunnerWorker.java:84)
at org.testng.TestNG.runSuitesSequentially(TestNG.java:1208)
at org.testng.TestNG.runSuitesLocally(TestNG.java:1137)
at org.testng.TestNG.runSuites(TestNG.java:1049)
at org.testng.TestNG.run(TestNG.java:1017)
at org.testng.remote.AbstractRemoteTestNG.run(AbstractRemoteTestNG.java:114)
at org.testng.remote.RemoteTestNG.initAndRun(RemoteTestNG.java:251)
at org.testng.remote.RemoteTestNG.main(RemoteTestNG.java:77)
]]>
            </full-stacktrace>
          </exception> <!-- java.lang.NullPointerException -->
          <reporter-output>
          </reporter-output>
        </test-method> <!-- LonI_RunEODbatchon1Instduedate_Payment_PayPastDue_NextInstallment_VoidPymt -->
        <test-method status="PASS" signature="getResult(org.testng.ITestResult)[pri:0, instance:pack.AA_OH_ILP@3e9b1010]" name="getResult" is-config="true" duration-ms="18" started-at="2019-07-11T06:23:15Z" finished-at="2019-07-11T06:23:15Z">
          <params>
            <param index="0">
              <value>
                <![CDATA[[TestResult name={null} status=CREATED method=AA_OH_ILP.LonI_RunEODbatchon1Instduedate_Payment_PayPastDue_NextInstallment_VoidPymt()[pri:16, instance:pack.AA_OH_ILP@3e9b1010] output={null}]]]>
              </value>
            </param>
          </params>
          <reporter-output>
          </reporter-output>
        </test-method> <!-- getResult -->
        <test-method status="SKIP" signature="LonI_RunEODbatchon1Instduedate_AgainEODbatchfrom10thdayof1stInstduedate_Payment_Pastdue_1stInstamt_Void()[pri:17, instance:pack.AA_OH_ILP@3e9b1010]" name="LonI_RunEODbatchon1Instduedate_AgainEODbatchfrom10thdayof1stInstduedate_Payment_Pastdue_1stInstamt_Void" duration-ms="0" started-at="2019-07-11T06:23:15Z" finished-at="2019-07-11T06:23:15Z">
          <exception class="java.lang.NullPointerException">
            <full-stacktrace>
              <![CDATA[java.lang.NullPointerException
at pack.AA_OH_ILP.getResult(AA_OH_ILP.java:4811)
at sun.reflect.NativeMethodAccessorImpl.invoke0(Native Method)
at sun.reflect.NativeMethodAccessorImpl.invoke(Unknown Source)
at sun.reflect.DelegatingMethodAccessorImpl.invoke(Unknown Source)
at java.lang.reflect.Method.invoke(Unknown Source)
at org.testng.internal.MethodInvocationHelper.invokeMethod(MethodInvocationHelper.java:124)
at org.testng.internal.MethodInvocationHelper.invokeMethodConsideringTimeout(MethodInvocationHelper.java:59)
at org.testng.internal.Invoker.invokeConfigurationMethod(Invoker.java:458)
at org.testng.internal.Invoker.invokeConfigurations(Invoker.java:222)
at org.testng.internal.Invoker.invokeMethod(Invoker.java:646)
at org.testng.internal.Invoker.invokeTestMethod(Invoker.java:719)
at org.testng.internal.Invoker.invokeTestMethods(Invoker.java:989)
at org.testng.internal.TestMethodWorker.invokeTestMethods(TestMethodWorker.java:125)
at org.testng.internal.TestMethodWorker.run(TestMethodWorker.java:109)
at org.testng.TestRunner.privateRun(TestRunner.java:648)
at org.testng.TestRunner.run(TestRunner.java:505)
at org.testng.SuiteRunner.runTest(SuiteRunner.java:455)
at org.testng.SuiteRunner.runSequentially(SuiteRunner.java:450)
at org.testng.SuiteRunner.privateRun(SuiteRunner.java:415)
at org.testng.SuiteRunner.run(SuiteRunner.java:364)
at org.testng.SuiteRunnerWorker.runSuite(SuiteRunnerWorker.java:52)
at org.testng.SuiteRunnerWorker.run(SuiteRunnerWorker.java:84)
at org.testng.TestNG.runSuitesSequentially(TestNG.java:1208)
at org.testng.TestNG.runSuitesLocally(TestNG.java:1137)
at org.testng.TestNG.runSuites(TestNG.java:1049)
at org.testng.TestNG.run(TestNG.java:1017)
at org.testng.remote.AbstractRemoteTestNG.run(AbstractRemoteTestNG.java:114)
at org.testng.remote.RemoteTestNG.initAndRun(RemoteTestNG.java:251)
at org.testng.remote.RemoteTestNG.main(RemoteTestNG.java:77)
]]>
            </full-stacktrace>
          </exception> <!-- java.lang.NullPointerException -->
          <reporter-output>
          </reporter-output>
        </test-method> <!-- LonI_RunEODbatchon1Instduedate_AgainEODbatchfrom10thdayof1stInstduedate_Payment_Pastdue_1stInstamt_Void -->
        <test-method status="PASS" signature="getResult(org.testng.ITestResult)[pri:0, instance:pack.AA_OH_ILP@3e9b1010]" name="getResult" is-config="true" duration-ms="19" started-at="2019-07-11T06:23:15Z" finished-at="2019-07-11T06:23:15Z">
          <params>
            <param index="0">
              <value>
                <![CDATA[[TestResult name={null} status=CREATED method=AA_OH_ILP.LonI_RunEODbatchon1Instduedate_AgainEODbatchfrom10thdayof1stInstduedate_Payment_Pastdue_1stInstamt_Void()[pri:17, instance:pack.AA_OH_ILP@3e9b1010] output={null}]]]>
              </value>
            </param>
          </params>
          <reporter-output>
          </reporter-output>
        </test-method> <!-- getResult -->
        <test-method status="SKIP" signature="Loan_Deposit_Rtn_paymentLessthanLoanAmount()[pri:18, instance:pack.AA_OH_ILP@3e9b1010]" name="Loan_Deposit_Rtn_paymentLessthanLoanAmount" duration-ms="0" started-at="2019-07-11T06:23:15Z" finished-at="2019-07-11T06:23:15Z">
          <exception class="java.lang.NullPointerException">
            <full-stacktrace>
              <![CDATA[java.lang.NullPointerException
at pack.AA_OH_ILP.getResult(AA_OH_ILP.java:4811)
at sun.reflect.NativeMethodAccessorImpl.invoke0(Native Method)
at sun.reflect.NativeMethodAccessorImpl.invoke(Unknown Source)
at sun.reflect.DelegatingMethodAccessorImpl.invoke(Unknown Source)
at java.lang.reflect.Method.invoke(Unknown Source)
at org.testng.internal.MethodInvocationHelper.invokeMethod(MethodInvocationHelper.java:124)
at org.testng.internal.MethodInvocationHelper.invokeMethodConsideringTimeout(MethodInvocationHelper.java:59)
at org.testng.internal.Invoker.invokeConfigurationMethod(Invoker.java:458)
at org.testng.internal.Invoker.invokeConfigurations(Invoker.java:222)
at org.testng.internal.Invoker.invokeMethod(Invoker.java:646)
at org.testng.internal.Invoker.invokeTestMethod(Invoker.java:719)
at org.testng.internal.Invoker.invokeTestMethods(Invoker.java:989)
at org.testng.internal.TestMethodWorker.invokeTestMethods(TestMethodWorker.java:125)
at org.testng.internal.TestMethodWorker.run(TestMethodWorker.java:109)
at org.testng.TestRunner.privateRun(TestRunner.java:648)
at org.testng.TestRunner.run(TestRunner.java:505)
at org.testng.SuiteRunner.runTest(SuiteRunner.java:455)
at org.testng.SuiteRunner.runSequentially(SuiteRunner.java:450)
at org.testng.SuiteRunner.privateRun(SuiteRunner.java:415)
at org.testng.SuiteRunner.run(SuiteRunner.java:364)
at org.testng.SuiteRunnerWorker.runSuite(SuiteRunnerWorker.java:52)
at org.testng.SuiteRunnerWorker.run(SuiteRunnerWorker.java:84)
at org.testng.TestNG.runSuitesSequentially(TestNG.java:1208)
at org.testng.TestNG.runSuitesLocally(TestNG.java:1137)
at org.testng.TestNG.runSuites(TestNG.java:1049)
at org.testng.TestNG.run(TestNG.java:1017)
at org.testng.remote.AbstractRemoteTestNG.run(AbstractRemoteTestNG.java:114)
at org.testng.remote.RemoteTestNG.initAndRun(RemoteTestNG.java:251)
at org.testng.remote.RemoteTestNG.main(RemoteTestNG.java:77)
]]>
            </full-stacktrace>
          </exception> <!-- java.lang.NullPointerException -->
          <reporter-output>
          </reporter-output>
        </test-method> <!-- Loan_Deposit_Rtn_paymentLessthanLoanAmount -->
        <test-method status="PASS" signature="getResult(org.testng.ITestResult)[pri:0, instance:pack.AA_OH_ILP@3e9b1010]" name="getResult" is-config="true" duration-ms="18" started-at="2019-07-11T06:23:15Z" finished-at="2019-07-11T06:23:15Z">
          <params>
            <param index="0">
              <value>
                <![CDATA[[TestResult name={null} status=CREATED method=AA_OH_ILP.Loan_Deposit_Rtn_paymentLessthanLoanAmount()[pri:18, instance:pack.AA_OH_ILP@3e9b1010] output={null}]]]>
              </value>
            </param>
          </params>
          <reporter-output>
          </reporter-output>
        </test-method> <!-- getResult -->
        <test-method status="SKIP" signature="Loan_Deposit_Rtn_paymentGreaterthanLoanAmount()[pri:19, instance:pack.AA_OH_ILP@3e9b1010]" name="Loan_Deposit_Rtn_paymentGreaterthanLoanAmount" duration-ms="0" started-at="2019-07-11T06:23:15Z" finished-at="2019-07-11T06:23:15Z">
          <exception class="java.lang.NullPointerException">
            <full-stacktrace>
              <![CDATA[java.lang.NullPointerException
at pack.AA_OH_ILP.getResult(AA_OH_ILP.java:4811)
at sun.reflect.NativeMethodAccessorImpl.invoke0(Native Method)
at sun.reflect.NativeMethodAccessorImpl.invoke(Unknown Source)
at sun.reflect.DelegatingMethodAccessorImpl.invoke(Unknown Source)
at java.lang.reflect.Method.invoke(Unknown Source)
at org.testng.internal.MethodInvocationHelper.invokeMethod(MethodInvocationHelper.java:124)
at org.testng.internal.MethodInvocationHelper.invokeMethodConsideringTimeout(MethodInvocationHelper.java:59)
at org.testng.internal.Invoker.invokeConfigurationMethod(Invoker.java:458)
at org.testng.internal.Invoker.invokeConfigurations(Invoker.java:222)
at org.testng.internal.Invoker.invokeMethod(Invoker.java:646)
at org.testng.internal.Invoker.invokeTestMethod(Invoker.java:719)
at org.testng.internal.Invoker.invokeTestMethods(Invoker.java:989)
at org.testng.internal.TestMethodWorker.invokeTestMethods(TestMethodWorker.java:125)
at org.testng.internal.TestMethodWorker.run(TestMethodWorker.java:109)
at org.testng.TestRunner.privateRun(TestRunner.java:648)
at org.testng.TestRunner.run(TestRunner.java:505)
at org.testng.SuiteRunner.runTest(SuiteRunner.java:455)
at org.testng.SuiteRunner.runSequentially(SuiteRunner.java:450)
at org.testng.SuiteRunner.privateRun(SuiteRunner.java:415)
at org.testng.SuiteRunner.run(SuiteRunner.java:364)
at org.testng.SuiteRunnerWorker.runSuite(SuiteRunnerWorker.java:52)
at org.testng.SuiteRunnerWorker.run(SuiteRunnerWorker.java:84)
at org.testng.TestNG.runSuitesSequentially(TestNG.java:1208)
at org.testng.TestNG.runSuitesLocally(TestNG.java:1137)
at org.testng.TestNG.runSuites(TestNG.java:1049)
at org.testng.TestNG.run(TestNG.java:1017)
at org.testng.remote.AbstractRemoteTestNG.run(AbstractRemoteTestNG.java:114)
at org.testng.remote.RemoteTestNG.initAndRun(RemoteTestNG.java:251)
at org.testng.remote.RemoteTestNG.main(RemoteTestNG.java:77)
]]>
            </full-stacktrace>
          </exception> <!-- java.lang.NullPointerException -->
          <reporter-output>
          </reporter-output>
        </test-method> <!-- Loan_Deposit_Rtn_paymentGreaterthanLoanAmount -->
        <test-method status="PASS" signature="getResult(org.testng.ITestResult)[pri:0, instance:pack.AA_OH_ILP@3e9b1010]" name="getResult" is-config="true" duration-ms="13" started-at="2019-07-11T06:23:15Z" finished-at="2019-07-11T06:23:15Z">
          <params>
            <param index="0">
              <value>
                <![CDATA[[TestResult name={null} status=CREATED method=AA_OH_ILP.Loan_Deposit_Rtn_paymentGreaterthanLoanAmount()[pri:19, instance:pack.AA_OH_ILP@3e9b1010] output={null}]]]>
              </value>
            </param>
          </params>
          <reporter-output>
          </reporter-output>
        </test-method> <!-- getResult -->
        <test-method status="SKIP" signature="Loan_Deposit_RTN_EODBatchon10days_PaymentGeterthanLoanAmount()[pri:20, instance:pack.AA_OH_ILP@3e9b1010]" name="Loan_Deposit_RTN_EODBatchon10days_PaymentGeterthanLoanAmount" duration-ms="0" started-at="2019-07-11T06:23:15Z" finished-at="2019-07-11T06:23:15Z">
          <exception class="java.lang.NullPointerException">
            <full-stacktrace>
              <![CDATA[java.lang.NullPointerException
at pack.AA_OH_ILP.getResult(AA_OH_ILP.java:4811)
at sun.reflect.NativeMethodAccessorImpl.invoke0(Native Method)
at sun.reflect.NativeMethodAccessorImpl.invoke(Unknown Source)
at sun.reflect.DelegatingMethodAccessorImpl.invoke(Unknown Source)
at java.lang.reflect.Method.invoke(Unknown Source)
at org.testng.internal.MethodInvocationHelper.invokeMethod(MethodInvocationHelper.java:124)
at org.testng.internal.MethodInvocationHelper.invokeMethodConsideringTimeout(MethodInvocationHelper.java:59)
at org.testng.internal.Invoker.invokeConfigurationMethod(Invoker.java:458)
at org.testng.internal.Invoker.invokeConfigurations(Invoker.java:222)
at org.testng.internal.Invoker.invokeMethod(Invoker.java:646)
at org.testng.internal.Invoker.invokeTestMethod(Invoker.java:719)
at org.testng.internal.Invoker.invokeTestMethods(Invoker.java:989)
at org.testng.internal.TestMethodWorker.invokeTestMethods(TestMethodWorker.java:125)
at org.testng.internal.TestMethodWorker.run(TestMethodWorker.java:109)
at org.testng.TestRunner.privateRun(TestRunner.java:648)
at org.testng.TestRunner.run(TestRunner.java:505)
at org.testng.SuiteRunner.runTest(SuiteRunner.java:455)
at org.testng.SuiteRunner.runSequentially(SuiteRunner.java:450)
at org.testng.SuiteRunner.privateRun(SuiteRunner.java:415)
at org.testng.SuiteRunner.run(SuiteRunner.java:364)
at org.testng.SuiteRunnerWorker.runSuite(SuiteRunnerWorker.java:52)
at org.testng.SuiteRunnerWorker.run(SuiteRunnerWorker.java:84)
at org.testng.TestNG.runSuitesSequentially(TestNG.java:1208)
at org.testng.TestNG.runSuitesLocally(TestNG.java:1137)
at org.testng.TestNG.runSuites(TestNG.java:1049)
at org.testng.TestNG.run(TestNG.java:1017)
at org.testng.remote.AbstractRemoteTestNG.run(AbstractRemoteTestNG.java:114)
at org.testng.remote.RemoteTestNG.initAndRun(RemoteTestNG.java:251)
at org.testng.remote.RemoteTestNG.main(RemoteTestNG.java:77)
]]>
            </full-stacktrace>
          </exception> <!-- java.lang.NullPointerException -->
          <reporter-output>
          </reporter-output>
        </test-method> <!-- Loan_Deposit_RTN_EODBatchon10days_PaymentGeterthanLoanAmount -->
        <test-method status="PASS" signature="getResult(org.testng.ITestResult)[pri:0, instance:pack.AA_OH_ILP@3e9b1010]" name="getResult" is-config="true" duration-ms="16" started-at="2019-07-11T06:23:15Z" finished-at="2019-07-11T06:23:15Z">
          <params>
            <param index="0">
              <value>
                <![CDATA[[TestResult name={null} status=CREATED method=AA_OH_ILP.Loan_Deposit_RTN_EODBatchon10days_PaymentGeterthanLoanAmount()[pri:20, instance:pack.AA_OH_ILP@3e9b1010] output={null}]]]>
              </value>
            </param>
          </params>
          <reporter-output>
          </reporter-output>
        </test-method> <!-- getResult -->
        <test-method status="SKIP" signature="LonI_1stInstdeposit_return_Payment_lessthan1stInstamount_VoidPayment()[pri:21, instance:pack.AA_OH_ILP@3e9b1010]" name="LonI_1stInstdeposit_return_Payment_lessthan1stInstamount_VoidPayment" duration-ms="0" started-at="2019-07-11T06:23:15Z" finished-at="2019-07-11T06:23:15Z">
          <exception class="java.lang.NullPointerException">
            <full-stacktrace>
              <![CDATA[java.lang.NullPointerException
at pack.AA_OH_ILP.getResult(AA_OH_ILP.java:4811)
at sun.reflect.NativeMethodAccessorImpl.invoke0(Native Method)
at sun.reflect.NativeMethodAccessorImpl.invoke(Unknown Source)
at sun.reflect.DelegatingMethodAccessorImpl.invoke(Unknown Source)
at java.lang.reflect.Method.invoke(Unknown Source)
at org.testng.internal.MethodInvocationHelper.invokeMethod(MethodInvocationHelper.java:124)
at org.testng.internal.MethodInvocationHelper.invokeMethodConsideringTimeout(MethodInvocationHelper.java:59)
at org.testng.internal.Invoker.invokeConfigurationMethod(Invoker.java:458)
at org.testng.internal.Invoker.invokeConfigurations(Invoker.java:222)
at org.testng.internal.Invoker.invokeMethod(Invoker.java:646)
at org.testng.internal.Invoker.invokeTestMethod(Invoker.java:719)
at org.testng.internal.Invoker.invokeTestMethods(Invoker.java:989)
at org.testng.internal.TestMethodWorker.invokeTestMethods(TestMethodWorker.java:125)
at org.testng.internal.TestMethodWorker.run(TestMethodWorker.java:109)
at org.testng.TestRunner.privateRun(TestRunner.java:648)
at org.testng.TestRunner.run(TestRunner.java:505)
at org.testng.SuiteRunner.runTest(SuiteRunner.java:455)
at org.testng.SuiteRunner.runSequentially(SuiteRunner.java:450)
at org.testng.SuiteRunner.privateRun(SuiteRunner.java:415)
at org.testng.SuiteRunner.run(SuiteRunner.java:364)
at org.testng.SuiteRunnerWorker.runSuite(SuiteRunnerWorker.java:52)
at org.testng.SuiteRunnerWorker.run(SuiteRunnerWorker.java:84)
at org.testng.TestNG.runSuitesSequentially(TestNG.java:1208)
at org.testng.TestNG.runSuitesLocally(TestNG.java:1137)
at org.testng.TestNG.runSuites(TestNG.java:1049)
at org.testng.TestNG.run(TestNG.java:1017)
at org.testng.remote.AbstractRemoteTestNG.run(AbstractRemoteTestNG.java:114)
at org.testng.remote.RemoteTestNG.initAndRun(RemoteTestNG.java:251)
at org.testng.remote.RemoteTestNG.main(RemoteTestNG.java:77)
]]>
            </full-stacktrace>
          </exception> <!-- java.lang.NullPointerException -->
          <reporter-output>
          </reporter-output>
        </test-method> <!-- LonI_1stInstdeposit_return_Payment_lessthan1stInstamount_VoidPayment -->
        <test-method status="PASS" signature="getResult(org.testng.ITestResult)[pri:0, instance:pack.AA_OH_ILP@3e9b1010]" name="getResult" is-config="true" duration-ms="15" started-at="2019-07-11T06:23:15Z" finished-at="2019-07-11T06:23:15Z">
          <params>
            <param index="0">
              <value>
                <![CDATA[[TestResult name={null} status=CREATED method=AA_OH_ILP.LonI_1stInstdeposit_return_Payment_lessthan1stInstamount_VoidPayment()[pri:21, instance:pack.AA_OH_ILP@3e9b1010] output={null}]]]>
              </value>
            </param>
          </params>
          <reporter-output>
          </reporter-output>
        </test-method> <!-- getResult -->
        <test-method status="SKIP" signature="Loan_Deposit_Rtn_paymentLessthanLoanAmount_Void()[pri:22, instance:pack.AA_OH_ILP@3e9b1010]" name="Loan_Deposit_Rtn_paymentLessthanLoanAmount_Void" duration-ms="0" started-at="2019-07-11T06:23:15Z" finished-at="2019-07-11T06:23:15Z">
          <exception class="java.lang.NullPointerException">
            <full-stacktrace>
              <![CDATA[java.lang.NullPointerException
at pack.AA_OH_ILP.getResult(AA_OH_ILP.java:4811)
at sun.reflect.NativeMethodAccessorImpl.invoke0(Native Method)
at sun.reflect.NativeMethodAccessorImpl.invoke(Unknown Source)
at sun.reflect.DelegatingMethodAccessorImpl.invoke(Unknown Source)
at java.lang.reflect.Method.invoke(Unknown Source)
at org.testng.internal.MethodInvocationHelper.invokeMethod(MethodInvocationHelper.java:124)
at org.testng.internal.MethodInvocationHelper.invokeMethodConsideringTimeout(MethodInvocationHelper.java:59)
at org.testng.internal.Invoker.invokeConfigurationMethod(Invoker.java:458)
at org.testng.internal.Invoker.invokeConfigurations(Invoker.java:222)
at org.testng.internal.Invoker.invokeMethod(Invoker.java:646)
at org.testng.internal.Invoker.invokeTestMethod(Invoker.java:719)
at org.testng.internal.Invoker.invokeTestMethods(Invoker.java:989)
at org.testng.internal.TestMethodWorker.invokeTestMethods(TestMethodWorker.java:125)
at org.testng.internal.TestMethodWorker.run(TestMethodWorker.java:109)
at org.testng.TestRunner.privateRun(TestRunner.java:648)
at org.testng.TestRunner.run(TestRunner.java:505)
at org.testng.SuiteRunner.runTest(SuiteRunner.java:455)
at org.testng.SuiteRunner.runSequentially(SuiteRunner.java:450)
at org.testng.SuiteRunner.privateRun(SuiteRunner.java:415)
at org.testng.SuiteRunner.run(SuiteRunner.java:364)
at org.testng.SuiteRunnerWorker.runSuite(SuiteRunnerWorker.java:52)
at org.testng.SuiteRunnerWorker.run(SuiteRunnerWorker.java:84)
at org.testng.TestNG.runSuitesSequentially(TestNG.java:1208)
at org.testng.TestNG.runSuitesLocally(TestNG.java:1137)
at org.testng.TestNG.runSuites(TestNG.java:1049)
at org.testng.TestNG.run(TestNG.java:1017)
at org.testng.remote.AbstractRemoteTestNG.run(AbstractRemoteTestNG.java:114)
at org.testng.remote.RemoteTestNG.initAndRun(RemoteTestNG.java:251)
at org.testng.remote.RemoteTestNG.main(RemoteTestNG.java:77)
]]>
            </full-stacktrace>
          </exception> <!-- java.lang.NullPointerException -->
          <reporter-output>
          </reporter-output>
        </test-method> <!-- Loan_Deposit_Rtn_paymentLessthanLoanAmount_Void -->
        <test-method status="PASS" signature="getResult(org.testng.ITestResult)[pri:0, instance:pack.AA_OH_ILP@3e9b1010]" name="getResult" is-config="true" duration-ms="18" started-at="2019-07-11T06:23:15Z" finished-at="2019-07-11T06:23:15Z">
          <params>
            <param index="0">
              <value>
[...]
            <param index="0">
              <value>
                <![CDATA[[TestResult name={null} status=CREATED method=AA_OH_ILP.AA_Loan_ACHRevoke_1stInsatallmentDeposit()[pri:35, instance:pack.AA_OH_ILP@3e9b1010] output={null}]]]>
              </value>
            </param>
          </params>
          <reporter-output>
          </reporter-output>
        </test-method> <!-- getResult -->
        <test-method status="SKIP" signature="AA_Loan_ACHRevoke_1stInsatallmentPayment_ACHAuthorization_2ndIsatallmentDeposit()[pri:36, instance:pack.AA_OH_ILP@3e9b1010]" name="AA_Loan_ACHRevoke_1stInsatallmentPayment_ACHAuthorization_2ndIsatallmentDeposit" duration-ms="0" started-at="2019-07-11T06:23:15Z" finished-at="2019-07-11T06:23:15Z">
          <exception class="java.lang.NullPointerException">
            <full-stacktrace>
              <![CDATA[java.lang.NullPointerException
at pack.AA_OH_ILP.getResult(AA_OH_ILP.java:4811)
at sun.reflect.NativeMethodAccessorImpl.invoke0(Native Method)
at sun.reflect.NativeMethodAccessorImpl.invoke(Unknown Source)
at sun.reflect.DelegatingMethodAccessorImpl.invoke(Unknown Source)
at java.lang.reflect.Method.invoke(Unknown Source)
at org.testng.internal.MethodInvocationHelper.invokeMethod(MethodInvocationHelper.java:124)
at org.testng.internal.MethodInvocationHelper.invokeMethodConsideringTimeout(MethodInvocationHelper.java:59)
at org.testng.internal.Invoker.invokeConfigurationMethod(Invoker.java:458)
at org.testng.internal.Invoker.invokeConfigurations(Invoker.java:222)
at org.testng.internal.Invoker.invokeMethod(Invoker.java:646)
at org.testng.internal.Invoker.invokeTestMethod(Invoker.java:719)
at org.testng.internal.Invoker.invokeTestMethods(Invoker.java:989)
at org.testng.internal.TestMethodWorker.invokeTestMethods(TestMethodWorker.java:125)
at org.testng.internal.TestMethodWorker.run(TestMethodWorker.java:109)
at org.testng.TestRunner.privateRun(TestRunner.java:648)
at org.testng.TestRunner.run(TestRunner.java:505)
at org.testng.SuiteRunner.runTest(SuiteRunner.java:455)
at org.testng.SuiteRunner.runSequentially(SuiteRunner.java:450)
at org.testng.SuiteRunner.privateRun(SuiteRunner.java:415)
at org.testng.SuiteRunner.run(SuiteRunner.java:364)
at org.testng.SuiteRunnerWorker.runSuite(SuiteRunnerWorker.java:52)
at org.testng.SuiteRunnerWorker.run(SuiteRunnerWorker.java:84)
at org.testng.TestNG.runSuitesSequentially(TestNG.java:1208)
at org.testng.TestNG.runSuitesLocally(TestNG.java:1137)
at org.testng.TestNG.runSuites(TestNG.java:1049)
at org.testng.TestNG.run(TestNG.java:1017)
at org.testng.remote.AbstractRemoteTestNG.run(AbstractRemoteTestNG.java:114)
at org.testng.remote.RemoteTestNG.initAndRun(RemoteTestNG.java:251)
at org.testng.remote.RemoteTestNG.main(RemoteTestNG.java:77)
]]>
            </full-stacktrace>
          </exception> <!-- java.lang.NullPointerException -->
          <reporter-output>
          </reporter-output>
        </test-method> <!-- AA_Loan_ACHRevoke_1stInsatallmentPayment_ACHAuthorization_2ndIsatallmentDeposit -->
        <test-method status="PASS" signature="getResult(org.testng.ITestResult)[pri:0, instance:pack.AA_OH_ILP@3e9b1010]" name="getResult" is-config="true" duration-ms="11" started-at="2019-07-11T06:23:15Z" finished-at="2019-07-11T06:23:15Z">
          <params>
            <param index="0">
              <value>
                <![CDATA[[TestResult name={null} status=CREATED method=AA_OH_ILP.AA_Loan_ACHRevoke_1stInsatallmentPayment_ACHAuthorization_2ndIsatallmentDeposit()[pri:36, instance:pack.AA_OH_ILP@3e9b1010] output={null}]]]>
              </value>
            </param>
          </params>
          <reporter-output>
          </reporter-output>
        </test-method> <!-- getResult -->
        <test-method status="PASS" signature="getResult(org.testng.ITestResult)[pri:0, instance:pack.AA_OH_ILP@3e9b1010]" name="getResult" is-config="true" duration-ms="11" started-at="2019-07-11T06:23:15Z" finished-at="2019-07-11T06:23:15Z">
          <params>
            <param index="0">
              <value>
                <![CDATA[[TestResult name={null} status=CREATED method=AA_OH_ILP.CO_ILP_Loan_Instwisepayment_last_deposit()[pri:37, instance:pack.AA_OH_ILP@3e9b1010] output={null}]]]>
              </value>
            </param>
          </params>
          <reporter-output>
          </reporter-output>
        </test-method> <!-- getResult -->
        <test-method status="SKIP" signature="CO_ILP_Loan_Instwisepayment_last_deposit()[pri:37, instance:pack.AA_OH_ILP@3e9b1010]" name="CO_ILP_Loan_Instwisepayment_last_deposit" duration-ms="0" started-at="2019-07-11T06:23:15Z" finished-at="2019-07-11T06:23:15Z">
          <exception class="java.lang.NullPointerException">
            <full-stacktrace>
              <![CDATA[java.lang.NullPointerException
at pack.AA_OH_ILP.getResult(AA_OH_ILP.java:4811)
at sun.reflect.NativeMethodAccessorImpl.invoke0(Native Method)
at sun.reflect.NativeMethodAccessorImpl.invoke(Unknown Source)
at sun.reflect.DelegatingMethodAccessorImpl.invoke(Unknown Source)
at java.lang.reflect.Method.invoke(Unknown Source)
at org.testng.internal.MethodInvocationHelper.invokeMethod(MethodInvocationHelper.java:124)
at org.testng.internal.MethodInvocationHelper.invokeMethodConsideringTimeout(MethodInvocationHelper.java:59)
at org.testng.internal.Invoker.invokeConfigurationMethod(Invoker.java:458)
at org.testng.internal.Invoker.invokeConfigurations(Invoker.java:222)
at org.testng.internal.Invoker.invokeMethod(Invoker.java:646)
at org.testng.internal.Invoker.invokeTestMethod(Invoker.java:719)
at org.testng.internal.Invoker.invokeTestMethods(Invoker.java:989)
at org.testng.internal.TestMethodWorker.invokeTestMethods(TestMethodWorker.java:125)
at org.testng.internal.TestMethodWorker.run(TestMethodWorker.java:109)
at org.testng.TestRunner.privateRun(TestRunner.java:648)
at org.testng.TestRunner.run(TestRunner.java:505)
at org.testng.SuiteRunner.runTest(SuiteRunner.java:455)
at org.testng.SuiteRunner.runSequentially(SuiteRunner.java:450)
at org.testng.SuiteRunner.privateRun(SuiteRunner.java:415)
at org.testng.SuiteRunner.run(SuiteRunner.java:364)
at org.testng.SuiteRunnerWorker.runSuite(SuiteRunnerWorker.java:52)
at org.testng.SuiteRunnerWorker.run(SuiteRunnerWorker.java:84)
at org.testng.TestNG.runSuitesSequentially(TestNG.java:1208)
at org.testng.TestNG.runSuitesLocally(TestNG.java:1137)
at org.testng.TestNG.runSuites(TestNG.java:1049)
at org.testng.TestNG.run(TestNG.java:1017)
at org.testng.remote.AbstractRemoteTestNG.run(AbstractRemoteTestNG.java:114)
at org.testng.remote.RemoteTestNG.initAndRun(RemoteTestNG.java:251)
at org.testng.remote.RemoteTestNG.main(RemoteTestNG.java:77)
]]>
            </full-stacktrace>
          </exception> <!-- java.lang.NullPointerException -->
          <reporter-output>
          </reporter-output>
        </test-method> <!-- CO_ILP_Loan_Instwisepayment_last_deposit -->
        <test-method status="SKIP" signature="Loan_1stInstDeposit_Rtn()[pri:38, instance:pack.AA_OH_ILP@3e9b1010]" name="Loan_1stInstDeposit_Rtn" duration-ms="0" started-at="2019-07-11T06:23:15Z" finished-at="2019-07-11T06:23:15Z">
          <exception class="java.lang.NullPointerException">
            <full-stacktrace>
              <![CDATA[java.lang.NullPointerException
at pack.AA_OH_ILP.getResult(AA_OH_ILP.java:4811)
at sun.reflect.NativeMethodAccessorImpl.invoke0(Native Method)
at sun.reflect.NativeMethodAccessorImpl.invoke(Unknown Source)
at sun.reflect.DelegatingMethodAccessorImpl.invoke(Unknown Source)
at java.lang.reflect.Method.invoke(Unknown Source)
at org.testng.internal.MethodInvocationHelper.invokeMethod(MethodInvocationHelper.java:124)
at org.testng.internal.MethodInvocationHelper.invokeMethodConsideringTimeout(MethodInvocationHelper.java:59)
at org.testng.internal.Invoker.invokeConfigurationMethod(Invoker.java:458)
at org.testng.internal.Invoker.invokeConfigurations(Invoker.java:222)
at org.testng.internal.Invoker.invokeMethod(Invoker.java:646)
at org.testng.internal.Invoker.invokeTestMethod(Invoker.java:719)
at org.testng.internal.Invoker.invokeTestMethods(Invoker.java:989)
at org.testng.internal.TestMethodWorker.invokeTestMethods(TestMethodWorker.java:125)
at org.testng.internal.TestMethodWorker.run(TestMethodWorker.java:109)
at org.testng.TestRunner.privateRun(TestRunner.java:648)
at org.testng.TestRunner.run(TestRunner.java:505)
at org.testng.SuiteRunner.runTest(SuiteRunner.java:455)
at org.testng.SuiteRunner.runSequentially(SuiteRunner.java:450)
at org.testng.SuiteRunner.privateRun(SuiteRunner.java:415)
at org.testng.SuiteRunner.run(SuiteRunner.java:364)
at org.testng.SuiteRunnerWorker.runSuite(SuiteRunnerWorker.java:52)
at org.testng.SuiteRunnerWorker.run(SuiteRunnerWorker.java:84)
at org.testng.TestNG.runSuitesSequentially(TestNG.java:1208)
at org.testng.TestNG.runSuitesLocally(TestNG.java:1137)
at org.testng.TestNG.runSuites(TestNG.java:1049)
at org.testng.TestNG.run(TestNG.java:1017)
at org.testng.remote.AbstractRemoteTestNG.run(AbstractRemoteTestNG.java:114)
at org.testng.remote.RemoteTestNG.initAndRun(RemoteTestNG.java:251)
at org.testng.remote.RemoteTestNG.main(RemoteTestNG.java:77)
]]>
            </full-stacktrace>
          </exception> <!-- java.lang.NullPointerException -->
          <reporter-output>
          </reporter-output>
        </test-method> <!-- Loan_1stInstDeposit_Rtn -->
        <test-method status="PASS" signature="getResult(org.testng.ITestResult)[pri:0, instance:pack.AA_OH_ILP@3e9b1010]" name="getResult" is-config="true" duration-ms="13" started-at="2019-07-11T06:23:15Z" finished-at="2019-07-11T06:23:15Z">
          <params>
            <param index="0">
              <value>
                <![CDATA[[TestResult name={null} status=CREATED method=AA_OH_ILP.Loan_1stInstDeposit_Rtn()[pri:38, instance:pack.AA_OH_ILP@3e9b1010] output={null}]]]>
              </value>
            </param>
          </params>
          <reporter-output>
          </reporter-output>
        </test-method> <!-- getResult -->
        <test-method status="SKIP" signature="Loan_1stParPmt_1stDep_Ret_()[pri:39, instance:pack.AA_OH_ILP@3e9b1010]" name="Loan_1stParPmt_1stDep_Ret_" duration-ms="0" started-at="2019-07-11T06:23:15Z" finished-at="2019-07-11T06:23:15Z">
          <exception class="java.lang.NullPointerException">
            <full-stacktrace>
              <![CDATA[java.lang.NullPointerException
at pack.AA_OH_ILP.getResult(AA_OH_ILP.java:4811)
at sun.reflect.NativeMethodAccessorImpl.invoke0(Native Method)
at sun.reflect.NativeMethodAccessorImpl.invoke(Unknown Source)
at sun.reflect.DelegatingMethodAccessorImpl.invoke(Unknown Source)
at java.lang.reflect.Method.invoke(Unknown Source)
at org.testng.internal.MethodInvocationHelper.invokeMethod(MethodInvocationHelper.java:124)
at org.testng.internal.MethodInvocationHelper.invokeMethodConsideringTimeout(MethodInvocationHelper.java:59)
at org.testng.internal.Invoker.invokeConfigurationMethod(Invoker.java:458)
at org.testng.internal.Invoker.invokeConfigurations(Invoker.java:222)
at org.testng.internal.Invoker.invokeMethod(Invoker.java:646)
at org.testng.internal.Invoker.invokeTestMethod(Invoker.java:719)
at org.testng.internal.Invoker.invokeTestMethods(Invoker.java:989)
at org.testng.internal.TestMethodWorker.invokeTestMethods(TestMethodWorker.java:125)
at org.testng.internal.TestMethodWorker.run(TestMethodWorker.java:109)
at org.testng.TestRunner.privateRun(TestRunner.java:648)
at org.testng.TestRunner.run(TestRunner.java:505)
at org.testng.SuiteRunner.runTest(SuiteRunner.java:455)
at org.testng.SuiteRunner.runSequentially(SuiteRunner.java:450)
at org.testng.SuiteRunner.privateRun(SuiteRunner.java:415)
at org.testng.SuiteRunner.run(SuiteRunner.java:364)
at org.testng.SuiteRunnerWorker.runSuite(SuiteRunnerWorker.java:52)
at org.testng.SuiteRunnerWorker.run(SuiteRunnerWorker.java:84)
at org.testng.TestNG.runSuitesSequentially(TestNG.java:1208)
at org.testng.TestNG.runSuitesLocally(TestNG.java:1137)
at org.testng.TestNG.runSuites(TestNG.java:1049)
at org.testng.TestNG.run(TestNG.java:1017)
at org.testng.remote.AbstractRemoteTestNG.run(AbstractRemoteTestNG.java:114)
at org.testng.remote.RemoteTestNG.initAndRun(RemoteTestNG.java:251)
at org.testng.remote.RemoteTestNG.main(RemoteTestNG.java:77)
]]>
            </full-stacktrace>
          </exception> <!-- java.lang.NullPointerException -->
          <reporter-output>
          </reporter-output>
        </test-method> <!-- Loan_1stParPmt_1stDep_Ret_ -->
        <test-method status="PASS" signature="getResult(org.testng.ITestResult)[pri:0, instance:pack.AA_OH_ILP@3e9b1010]" name="getResult" is-config="true" duration-ms="11" started-at="2019-07-11T06:23:15Z" finished-at="2019-07-11T06:23:15Z">
          <params>
            <param index="0">
              <value>
                <![CDATA[[TestResult name={null} status=CREATED method=AA_OH_ILP.Loan_1stParPmt_1stDep_Ret_()[pri:39, instance:pack.AA_OH_ILP@3e9b1010] output={null}]]]>
              </value>
            </param>
          </params>
          <reporter-output>
          </reporter-output>
        </test-method> <!-- getResult -->
        <test-method status="PASS" signature="getResult(org.testng.ITestResult)[pri:0, instance:pack.AA_OH_ILP@3e9b1010]" name="getResult" is-config="true" duration-ms="15" started-at="2019-07-11T06:23:15Z" finished-at="2019-07-11T06:23:15Z">
          <params>
            <param index="0">
              <value>
                <![CDATA[[TestResult name={null} status=CREATED method=AA_OH_ILP.AA_Loan_ACHRevoke_1stInsatallmentDeposit_Clear()[pri:41, instance:pack.AA_OH_ILP@3e9b1010] output={null}]]]>
              </value>
            </param>
          </params>
          <reporter-output>
          </reporter-output>
        </test-method> <!-- getResult -->
        <test-method status="SKIP" signature="AA_Loan_ACHRevoke_1stInsatallmentDeposit_Clear()[pri:41, instance:pack.AA_OH_ILP@3e9b1010]" name="AA_Loan_ACHRevoke_1stInsatallmentDeposit_Clear" duration-ms="0" started-at="2019-07-11T06:23:15Z" finished-at="2019-07-11T06:23:15Z">
          <exception class="java.lang.NullPointerException">
            <full-stacktrace>
              <![CDATA[java.lang.NullPointerException
at pack.AA_OH_ILP.getResult(AA_OH_ILP.java:4811)
at sun.reflect.NativeMethodAccessorImpl.invoke0(Native Method)
at sun.reflect.NativeMethodAccessorImpl.invoke(Unknown Source)
at sun.reflect.DelegatingMethodAccessorImpl.invoke(Unknown Source)
at java.lang.reflect.Method.invoke(Unknown Source)
at org.testng.internal.MethodInvocationHelper.invokeMethod(MethodInvocationHelper.java:124)
at org.testng.internal.MethodInvocationHelper.invokeMethodConsideringTimeout(MethodInvocationHelper.java:59)
at org.testng.internal.Invoker.invokeConfigurationMethod(Invoker.java:458)
at org.testng.internal.Invoker.invokeConfigurations(Invoker.java:222)
at org.testng.internal.Invoker.invokeMethod(Invoker.java:646)
at org.testng.internal.Invoker.invokeTestMethod(Invoker.java:719)
at org.testng.internal.Invoker.invokeTestMethods(Invoker.java:989)
at org.testng.internal.TestMethodWorker.invokeTestMethods(TestMethodWorker.java:125)
at org.testng.internal.TestMethodWorker.run(TestMethodWorker.java:109)
at org.testng.TestRunner.privateRun(TestRunner.java:648)
at org.testng.TestRunner.run(TestRunner.java:505)
at org.testng.SuiteRunner.runTest(SuiteRunner.java:455)
at org.testng.SuiteRunner.runSequentially(SuiteRunner.java:450)
at org.testng.SuiteRunner.privateRun(SuiteRunner.java:415)
at org.testng.SuiteRunner.run(SuiteRunner.java:364)
at org.testng.SuiteRunnerWorker.runSuite(SuiteRunnerWorker.java:52)
at org.testng.SuiteRunnerWorker.run(SuiteRunnerWorker.java:84)
at org.testng.TestNG.runSuitesSequentially(TestNG.java:1208)
at org.testng.TestNG.runSuitesLocally(TestNG.java:1137)
at org.testng.TestNG.runSuites(TestNG.java:1049)
at org.testng.TestNG.run(TestNG.java:1017)
at org.testng.remote.AbstractRemoteTestNG.run(AbstractRemoteTestNG.java:114)
at org.testng.remote.RemoteTestNG.initAndRun(RemoteTestNG.java:251)
at org.testng.remote.RemoteTestNG.main(RemoteTestNG.java:77)
]]>
            </full-stacktrace>
          </exception> <!-- java.lang.NullPointerException -->
          <reporter-output>
          </reporter-output>
        </test-method> <!-- AA_Loan_ACHRevoke_1stInsatallmentDeposit_Clear -->
        <test-method status="SKIP" signature="Login_Homescreen_Borrower_Registration_NewLoan_SemiMonthly()[pri:42, instance:pack.AA_OH_ILP@3e9b1010]" name="Login_Homescreen_Borrower_Registration_NewLoan_SemiMonthly" duration-ms="0" started-at="2019-07-11T06:23:15Z" finished-at="2019-07-11T06:23:15Z">
          <exception class="java.lang.NullPointerException">
            <full-stacktrace>
              <![CDATA[java.lang.NullPointerException
at pack.AA_OH_ILP.getResult(AA_OH_ILP.java:4811)
at sun.reflect.NativeMethodAccessorImpl.invoke0(Native Method)
at sun.reflect.NativeMethodAccessorImpl.invoke(Unknown Source)
at sun.reflect.DelegatingMethodAccessorImpl.invoke(Unknown Source)
at java.lang.reflect.Method.invoke(Unknown Source)
at org.testng.internal.MethodInvocationHelper.invokeMethod(MethodInvocationHelper.java:124)
at org.testng.internal.MethodInvocationHelper.invokeMethodConsideringTimeout(MethodInvocationHelper.java:59)
at org.testng.internal.Invoker.invokeConfigurationMethod(Invoker.java:458)
at org.testng.internal.Invoker.invokeConfigurations(Invoker.java:222)
at org.testng.internal.Invoker.invokeMethod(Invoker.java:646)
at org.testng.internal.Invoker.invokeTestMethod(Invoker.java:719)
at org.testng.internal.Invoker.invokeTestMethods(Invoker.java:989)
at org.testng.internal.TestMethodWorker.invokeTestMethods(TestMethodWorker.java:125)
at org.testng.internal.TestMethodWorker.run(TestMethodWorker.java:109)
at org.testng.TestRunner.privateRun(TestRunner.java:648)
at org.testng.TestRunner.run(TestRunner.java:505)
at org.testng.SuiteRunner.runTest(SuiteRunner.java:455)
at org.testng.SuiteRunner.runSequentially(SuiteRunner.java:450)
at org.testng.SuiteRunner.privateRun(SuiteRunner.java:415)
at org.testng.SuiteRunner.run(SuiteRunner.java:364)
at org.testng.SuiteRunnerWorker.runSuite(SuiteRunnerWorker.java:52)
at org.testng.SuiteRunnerWorker.run(SuiteRunnerWorker.java:84)
at org.testng.TestNG.runSuitesSequentially(TestNG.java:1208)
at org.testng.TestNG.runSuitesLocally(TestNG.java:1137)
at org.testng.TestNG.runSuites(TestNG.java:1049)
at org.testng.TestNG.run(TestNG.java:1017)
at org.testng.remote.AbstractRemoteTestNG.run(AbstractRemoteTestNG.java:114)
at org.testng.remote.RemoteTestNG.initAndRun(RemoteTestNG.java:251)
at org.testng.remote.RemoteTestNG.main(RemoteTestNG.java:77)
]]>
            </full-stacktrace>
          </exception> <!-- java.lang.NullPointerException -->
          <reporter-output>
          </reporter-output>
        </test-method> <!-- Login_Homescreen_Borrower_Registration_NewLoan_SemiMonthly -->
        <test-method status="PASS" signature="getResult(org.testng.ITestResult)[pri:0, instance:pack.AA_OH_ILP@3e9b1010]" name="getResult" is-config="true" duration-ms="11" started-at="2019-07-11T06:23:15Z" finished-at="2019-07-11T06:23:15Z">
          <params>
            <param index="0">
              <value>
                <![CDATA[[TestResult name={null} status=CREATED method=AA_OH_ILP.Login_Homescreen_Borrower_Registration_NewLoan_SemiMonthly()[pri:42, instance:pack.AA_OH_ILP@3e9b1010] output={null}]]]>
              </value>
            </param>
          </params>
          <reporter-output>
          </reporter-output>
        </test-method> <!-- getResult -->
        <test-method status="PASS" signature="quit()[pri:0, instance:pack.AA_OH_ILP@3e9b1010]" name="quit" is-config="true" duration-ms="588" started-at="2019-07-11T06:23:15Z" finished-at="2019-07-11T06:23:16Z">
          <reporter-output>
          </reporter-output>
        </test-method> <!-- quit -->
      </class> <!-- pack.AA_OH_ILP -->
    </test> <!-- Test -->
  </suite> <!-- Suite -->
</testng-results>
